2026-03-20 09:20:55,221 INFO >>> 开始执行 [LR_REAR] 域生成任务...
2026-03-20 09:20:55,510  解析 Excel 文件: DTC用例demo_修改.xlsx
2026-03-20 09:20:55,510  处理Excel=DTC用例demo_修改.xlsx
2026-03-20 09:20:55,915 INFO   处理Sheet=LDCU_DTC
2026-03-20 09:20:55,916 INFO [跳过] 用例ID=TC-DTC-LDCU-001, 功能模块=LDCU_DTC, 用例类型='自动测试'（平台过滤：生成{MQB} 当前'CMP'）
2026-03-20 09:20:55,917 INFO [跳过] 用例ID=TC-DTC-LDCU-002, 功能模块=LDCU_DTC, 用例类型='自动测试'（平台过滤：生成{MQB} 当前'CMP'）
2026-03-20 09:20:55,920 INFO [跳过] 用例ID=TC-DTC-LDCU-003, 功能模块=LDCU_DTC, 用例类型='自动测试'（平台过滤：生成{MQB} 当前'CMP'）
2026-03-20 09:20:55,921 INFO [跳过] 用例ID=TC-DTC-LDCU-004, 功能模块=LDCU_DTC, 用例类型='自动测试'（平台过滤：生成{MQB} 当前'CMP'）
2026-03-20 09:20:55,921 INFO [跳过] 用例ID=TC-DTC-LDCU-005, 功能模块=LDCU_DTC, 用例类型='自动测试'（平台过滤：生成{MQB} 当前'CMP'）
2026-03-20 09:20:55,925  生成文件: generated_from_cases_DTCyonglidemo_xiugai_LDCU_DTC.can (用例数=0)
2026-03-20 09:20:55,930 INFO   处理Sheet=RDCU_DTC
2026-03-20 09:20:55,932 ERROR 错误模块【io_mapping】 用例ID=TC-DTC-RDCU-001 行号：2  用例步骤：Step SetShToGND J_HBridge_FRDoorLockCtr+_DTC 1  原因：io_mapping 解析失败: Name 未找到: J_HBridge_FRDoorLockCtr+_DTC
2026-03-20 09:20:55,932 ERROR 错误模块【io_mapping】 用例ID=TC-DTC-RDCU-001 行号：5  用例步骤：Step Set J_DI_FROutHandleSW_LS NotPulled  原因：io_mapping 解析失败: Name 未找到: J_DI_FROutHandleSW_LS
2026-03-20 09:20:55,937 ERROR 错误模块【io_mapping】 用例ID=TC-DTC-RDCU-001 行号：7  用例步骤：Step Set J_DI_FROutHandleSW_LS Pulled  原因：io_mapping 解析失败: Name 未找到: J_DI_FROutHandleSW_LS
2026-03-20 09:20:55,937 ERROR 错误模块【io_mapping】 用例ID=TC-DTC-RDCU-001 行号：9  用例步骤：Step SetShToGND J_HBridge_FRDoorLockCtr+_DTC 0  原因：io_mapping 解析失败: Name 未找到: J_HBridge_FRDoorLockCtr+_DTC
2026-03-20 09:20:55,938 ERROR 错误模块【io_mapping】 用例ID=TC-DTC-RDCU-002 行号：11  用例步骤：Step SetOverCur J_HBridge_FRDoorLockCtr+_DTC 1  原因：io_mapping 解析失败: Name 未找到: J_HBridge_FRDoorLockCtr+_DTC
2026-03-20 09:20:55,939 ERROR 错误模块【io_mapping】 用例ID=TC-DTC-RDCU-002 行号：14  用例步骤：Step Set J_DI_FROutHandleSW_LS NotPulled  原因：io_mapping 解析失败: Name 未找到: J_DI_FROutHandleSW_LS
2026-03-20 09:20:55,939 ERROR 错误模块【io_mapping】 用例ID=TC-DTC-RDCU-002 行号：16  用例步骤：Step Set J_DI_FROutHandleSW_LS Pulled  原因：io_mapping 解析失败: Name 未找到: J_DI_FROutHandleSW_LS
2026-03-20 09:20:55,940 ERROR 错误模块【io_mapping】 用例ID=TC-DTC-RDCU-002 行号：18  用例步骤：Step SetOverCur J_HBridge_FRDoorLockCtr+_DTC 0  原因：io_mapping 解析失败: Name 未找到: J_HBridge_FRDoorLockCtr+_DTC
2026-03-20 09:20:55,940 ERROR 错误模块【io_mapping】 用例ID=TC-DTC-RDCU-003 行号：20  用例步骤：Step SetOverCur J_HBridge_FRDoorLockCtr-_DTC 1  原因：io_mapping 解析失败: Name 未找到: J_HBridge_FRDoorLockCtr-_DTC
2026-03-20 09:20:55,941 ERROR 错误模块【io_mapping】 用例ID=TC-DTC-RDCU-003 行号：23  用例步骤：Step Set J_DI_FROutHandleSW_LS pulled  原因：io_mapping 解析失败: Name 未找到: J_DI_FROutHandleSW_LS
2026-03-20 09:20:55,941 ERROR 错误模块【io_mapping】 用例ID=TC-DTC-RDCU-003 行号：26  用例步骤：Step SetOverCur J_HBridge_FRDoorLockCtr-_DTC 0  原因：io_mapping 解析失败: Name 未找到: J_HBridge_FRDoorLockCtr-_DTC
2026-03-20 09:20:55,941 ERROR 错误模块【io_mapping】 用例ID=TC-DTC-RDCU-004 行号：28  用例步骤：Step SetOverCur J_HBridge_FRDoorLockCtr-_DTC 1  原因：io_mapping 解析失败: Name 未找到: J_HBridge_FRDoorLockCtr-_DTC
2026-03-20 09:20:55,942 ERROR 错误模块【io_mapping】 用例ID=TC-DTC-RDCU-004 行号：31  用例步骤：Step Set J_DI_FROutHandleSW_LS pulled  原因：io_mapping 解析失败: Name 未找到: J_DI_FROutHandleSW_LS
2026-03-20 09:20:55,943 ERROR 错误模块【io_mapping】 用例ID=TC-DTC-RDCU-004 行号：34  用例步骤：Step SetOverCur J_HBridge_FRDoorLockCtr-_DTC 0  原因：io_mapping 解析失败: Name 未找到: J_HBridge_FRDoorLockCtr-_DTC
2026-03-20 09:20:55,943 ERROR 错误模块【io_mapping】 用例ID=TC-DTC-RDCU-005 行号：36  用例步骤：Step SetShToGND J_HBridge_RRDoorLockCtr+_DTC 1  原因：io_mapping 解析失败: Name 未找到: J_HBridge_RRDoorLockCtr+_DTC
2026-03-20 09:20:55,944 ERROR 错误模块【io_mapping】 用例ID=TC-DTC-RDCU-005 行号：39  用例步骤：Step Set J_DI_RROutHandleSW_LS NotPulled  原因：io_mapping 解析失败: Name 未找到: J_DI_RROutHandleSW_LS
2026-03-20 09:20:55,945 ERROR 错误模块【io_mapping】 用例ID=TC-DTC-RDCU-005 行号：41  用例步骤：Step Set J_DI_RROutHandleSW_LS Pulled  原因：io_mapping 解析失败: Name 未找到: J_DI_RROutHandleSW_LS
2026-03-20 09:20:55,945 ERROR 错误模块【io_mapping】 用例ID=TC-DTC-RDCU-005 行号：43  用例步骤：Step SetShToGND J_HBridge_RRDoorLockCtr+_DTC 0  原因：io_mapping 解析失败: Name 未找到: J_HBridge_RRDoorLockCtr+_DTC
2026-03-20 09:20:55,947  生成文件: generated_from_cases_DTCyonglidemo_xiugai_RDCU_DTC.can (用例数=5)
2026-03-20 09:20:55,958  Master .can 文件已生成: C:\Users\高登兰\Desktop\python开发合肥\left-right\TESTmode\generated_from_cases.can
2026-03-20 09:20:55,959  所有文件生成完成！共生成 1 个小文件和 1 个Master文件
2026-03-20 09:20:55,960    Excel=DTC用例demo_修改.xlsx → 生成 1 个 .can：generated_from_cases_DTCyonglidemo_xiugai_RDCU_DTC.can
2026-03-20 09:20:55,961 INFO >>> 任务完成！日志已保存至: C:\Users\高登兰\Desktop\所有完整代码2026_3_10_重构版\python\release_02_1\log\log_20260320_092053\生成文件日志\generate_can_from_excel.log
