2026-03-20 09:50:57,442 WARNING [warn] 用例ID清洗：表=MQB_20260303.xlsx/座椅按摩+通风+加热+舒缓 行=2 raw='SYS-CDCU-主驾座椅按摩-0001' -> cleaned='SYS-CDCU-zhujiazuoyianmo-0001'（chinese_to_pinyin，已做处理）
2026-03-20 09:50:57,442 WARNING [warn] 用例ID含中文已转拼音：表=MQB_20260303.xlsx/座椅按摩+通风+加热+舒缓 行=2 原始id='SYS-CDCU-主驾座椅按摩-0001' -> 清洗后='SYS-CDCU-zhujiazuoyianmo-0001'
2026-03-20 09:50:57,444 WARNING [warn] 用例ID清洗：表=MQB_20260303.xlsx/座椅按摩+通风+加热+舒缓 行=16 raw='SYS-CDCU-主驾座椅按摩-0002' -> cleaned='SYS-CDCU-zhujiazuoyianmo-0002'（chinese_to_pinyin，已做处理）
2026-03-20 09:50:57,445 WARNING [warn] 用例ID含中文已转拼音：表=MQB_20260303.xlsx/座椅按摩+通风+加热+舒缓 行=16 原始id='SYS-CDCU-主驾座椅按摩-0002' -> 清洗后='SYS-CDCU-zhujiazuoyianmo-0002'
2026-03-20 09:50:57,447 WARNING [warn] 用例ID清洗：表=MQB_20260303.xlsx/座椅按摩+通风+加热+舒缓 行=23 raw='SYS-CDCU-主驾座椅按摩-0003' -> cleaned='SYS-CDCU-zhujiazuoyianmo-0003'（chinese_to_pinyin，已做处理）
2026-03-20 09:50:57,448 WARNING [warn] 用例ID含中文已转拼音：表=MQB_20260303.xlsx/座椅按摩+通风+加热+舒缓 行=23 原始id='SYS-CDCU-主驾座椅按摩-0003' -> 清洗后='SYS-CDCU-zhujiazuoyianmo-0003'
2026-03-20 09:50:57,450 WARNING [warn] 用例ID清洗：表=MQB_20260303.xlsx/座椅按摩+通风+加热+舒缓 行=27 raw='SYS-CDCU-主驾座椅按摩-0004' -> cleaned='SYS-CDCU-zhujiazuoyianmo-0004'（chinese_to_pinyin，已做处理）
2026-03-20 09:50:57,450 WARNING [warn] 用例ID含中文已转拼音：表=MQB_20260303.xlsx/座椅按摩+通风+加热+舒缓 行=27 原始id='SYS-CDCU-主驾座椅按摩-0004' -> 清洗后='SYS-CDCU-zhujiazuoyianmo-0004'
2026-03-20 09:50:57,451 WARNING [warn] 用例ID清洗：表=MQB_20260303.xlsx/座椅按摩+通风+加热+舒缓 行=31 raw='SYS-CDCU-主驾座椅按摩-0005' -> cleaned='SYS-CDCU-zhujiazuoyianmo-0005'（chinese_to_pinyin，已做处理）
2026-03-20 09:50:57,452 WARNING [warn] 用例ID含中文已转拼音：表=MQB_20260303.xlsx/座椅按摩+通风+加热+舒缓 行=31 原始id='SYS-CDCU-主驾座椅按摩-0005' -> 清洗后='SYS-CDCU-zhujiazuoyianmo-0005'
2026-03-20 09:50:57,453 WARNING [warn] 用例ID清洗：表=MQB_20260303.xlsx/座椅按摩+通风+加热+舒缓 行=35 raw='SYS-CDCU-主驾座椅按摩-0006' -> cleaned='SYS-CDCU-zhujiazuoyianmo-0006'（chinese_to_pinyin，已做处理）
2026-03-20 09:50:57,453 WARNING [warn] 用例ID含中文已转拼音：表=MQB_20260303.xlsx/座椅按摩+通风+加热+舒缓 行=35 原始id='SYS-CDCU-主驾座椅按摩-0006' -> 清洗后='SYS-CDCU-zhujiazuoyianmo-0006'
2026-03-20 09:50:57,455 WARNING [warn] 用例ID清洗：表=MQB_20260303.xlsx/座椅按摩+通风+加热+舒缓 行=42 raw='SYS-CDCU-主驾座椅按摩-0007' -> cleaned='SYS-CDCU-zhujiazuoyianmo-0007'（chinese_to_pinyin，已做处理）
2026-03-20 09:50:57,456 WARNING [warn] 用例ID含中文已转拼音：表=MQB_20260303.xlsx/座椅按摩+通风+加热+舒缓 行=42 原始id='SYS-CDCU-主驾座椅按摩-0007' -> 清洗后='SYS-CDCU-zhujiazuoyianmo-0007'
2026-03-20 09:50:57,457 WARNING [warn] 用例ID清洗：表=MQB_20260303.xlsx/座椅按摩+通风+加热+舒缓 行=46 raw='SYS-CDCU-主驾座椅按摩-0008' -> cleaned='SYS-CDCU-zhujiazuoyianmo-0008'（chinese_to_pinyin，已做处理）
2026-03-20 09:50:57,457 WARNING [warn] 用例ID含中文已转拼音：表=MQB_20260303.xlsx/座椅按摩+通风+加热+舒缓 行=46 原始id='SYS-CDCU-主驾座椅按摩-0008' -> 清洗后='SYS-CDCU-zhujiazuoyianmo-0008'
2026-03-20 09:50:57,458 WARNING [warn] 用例ID清洗：表=MQB_20260303.xlsx/座椅按摩+通风+加热+舒缓 行=50 raw='SYS-CDCU-主驾座椅按摩-0009' -> cleaned='SYS-CDCU-zhujiazuoyianmo-0009'（chinese_to_pinyin，已做处理）
2026-03-20 09:50:57,458 WARNING [warn] 用例ID含中文已转拼音：表=MQB_20260303.xlsx/座椅按摩+通风+加热+舒缓 行=50 原始id='SYS-CDCU-主驾座椅按摩-0009' -> 清洗后='SYS-CDCU-zhujiazuoyianmo-0009'
2026-03-20 09:50:57,459 WARNING [warn] 用例ID清洗：表=MQB_20260303.xlsx/座椅按摩+通风+加热+舒缓 行=57 raw='SYS-CDCU-主驾座椅按摩-0010' -> cleaned='SYS-CDCU-zhujiazuoyianmo-0010'（chinese_to_pinyin，已做处理）
2026-03-20 09:50:57,460 WARNING [warn] 用例ID含中文已转拼音：表=MQB_20260303.xlsx/座椅按摩+通风+加热+舒缓 行=57 原始id='SYS-CDCU-主驾座椅按摩-0010' -> 清洗后='SYS-CDCU-zhujiazuoyianmo-0010'
2026-03-20 09:50:57,461 WARNING [warn] 用例ID清洗：表=MQB_20260303.xlsx/座椅按摩+通风+加热+舒缓 行=61 raw='SYS-CDCU-主驾座椅按摩-0011' -> cleaned='SYS-CDCU-zhujiazuoyianmo-0011'（chinese_to_pinyin，已做处理）
2026-03-20 09:50:57,461 WARNING [warn] 用例ID含中文已转拼音：表=MQB_20260303.xlsx/座椅按摩+通风+加热+舒缓 行=61 原始id='SYS-CDCU-主驾座椅按摩-0011' -> 清洗后='SYS-CDCU-zhujiazuoyianmo-0011'
2026-03-20 09:50:57,461 WARNING [warn] 用例ID清洗：表=MQB_20260303.xlsx/座椅按摩+通风+加热+舒缓 行=65 raw='SYS-CDCU-主驾座椅按摩-0012' -> cleaned='SYS-CDCU-zhujiazuoyianmo-0012'（chinese_to_pinyin，已做处理）
2026-03-20 09:50:57,461 WARNING [warn] 用例ID含中文已转拼音：表=MQB_20260303.xlsx/座椅按摩+通风+加热+舒缓 行=65 原始id='SYS-CDCU-主驾座椅按摩-0012' -> 清洗后='SYS-CDCU-zhujiazuoyianmo-0012'
2026-03-20 09:50:57,463 WARNING [warn] 用例ID清洗：表=MQB_20260303.xlsx/座椅按摩+通风+加热+舒缓 行=69 raw='SYS-CDCU-副驾座椅按摩-0013' -> cleaned='SYS-CDCU-fujiazuoyianmo-0013'（chinese_to_pinyin，已做处理）
2026-03-20 09:50:57,463 WARNING [warn] 用例ID含中文已转拼音：表=MQB_20260303.xlsx/座椅按摩+通风+加热+舒缓 行=69 原始id='SYS-CDCU-副驾座椅按摩-0013' -> 清洗后='SYS-CDCU-fujiazuoyianmo-0013'
2026-03-20 09:50:57,466 WARNING [warn] 用例ID清洗：表=MQB_20260303.xlsx/座椅按摩+通风+加热+舒缓 行=76 raw='SYS-CDCU-副驾座椅按摩-0014' -> cleaned='SYS-CDCU-fujiazuoyianmo-0014'（chinese_to_pinyin，已做处理）
2026-03-20 09:50:57,467 WARNING [warn] 用例ID含中文已转拼音：表=MQB_20260303.xlsx/座椅按摩+通风+加热+舒缓 行=76 原始id='SYS-CDCU-副驾座椅按摩-0014' -> 清洗后='SYS-CDCU-fujiazuoyianmo-0014'
2026-03-20 09:50:57,468 WARNING [warn] 用例ID清洗：表=MQB_20260303.xlsx/座椅按摩+通风+加热+舒缓 行=80 raw='SYS-CDCU-副驾座椅按摩-0015' -> cleaned='SYS-CDCU-fujiazuoyianmo-0015'（chinese_to_pinyin，已做处理）
2026-03-20 09:50:57,468 WARNING [warn] 用例ID含中文已转拼音：表=MQB_20260303.xlsx/座椅按摩+通风+加热+舒缓 行=80 原始id='SYS-CDCU-副驾座椅按摩-0015' -> 清洗后='SYS-CDCU-fujiazuoyianmo-0015'
2026-03-20 09:50:57,470 WARNING [warn] 用例ID清洗：表=MQB_20260303.xlsx/座椅按摩+通风+加热+舒缓 行=84 raw='SYS-CDCU-副驾座椅按摩-0016' -> cleaned='SYS-CDCU-fujiazuoyianmo-0016'（chinese_to_pinyin，已做处理）
2026-03-20 09:50:57,470 WARNING [warn] 用例ID含中文已转拼音：表=MQB_20260303.xlsx/座椅按摩+通风+加热+舒缓 行=84 原始id='SYS-CDCU-副驾座椅按摩-0016' -> 清洗后='SYS-CDCU-fujiazuoyianmo-0016'
2026-03-20 09:50:57,472 WARNING [warn] 用例ID清洗：表=MQB_20260303.xlsx/座椅按摩+通风+加热+舒缓 行=88 raw='SYS-CDCU-副驾座椅按摩-0017' -> cleaned='SYS-CDCU-fujiazuoyianmo-0017'（chinese_to_pinyin，已做处理）
2026-03-20 09:50:57,472 WARNING [warn] 用例ID含中文已转拼音：表=MQB_20260303.xlsx/座椅按摩+通风+加热+舒缓 行=88 原始id='SYS-CDCU-副驾座椅按摩-0017' -> 清洗后='SYS-CDCU-fujiazuoyianmo-0017'
2026-03-20 09:50:57,473 WARNING [warn] 用例ID清洗：表=MQB_20260303.xlsx/座椅按摩+通风+加热+舒缓 行=95 raw='SYS-CDCU-副驾座椅按摩-0018' -> cleaned='SYS-CDCU-fujiazuoyianmo-0018'（chinese_to_pinyin，已做处理）
2026-03-20 09:50:57,473 WARNING [warn] 用例ID含中文已转拼音：表=MQB_20260303.xlsx/座椅按摩+通风+加热+舒缓 行=95 原始id='SYS-CDCU-副驾座椅按摩-0018' -> 清洗后='SYS-CDCU-fujiazuoyianmo-0018'
2026-03-20 09:50:57,474 WARNING [warn] 用例ID清洗：表=MQB_20260303.xlsx/座椅按摩+通风+加热+舒缓 行=99 raw='SYS-CDCU-副驾座椅按摩-0019' -> cleaned='SYS-CDCU-fujiazuoyianmo-0019'（chinese_to_pinyin，已做处理）
2026-03-20 09:50:57,474 WARNING [warn] 用例ID含中文已转拼音：表=MQB_20260303.xlsx/座椅按摩+通风+加热+舒缓 行=99 原始id='SYS-CDCU-副驾座椅按摩-0019' -> 清洗后='SYS-CDCU-fujiazuoyianmo-0019'
2026-03-20 09:50:57,475 WARNING [warn] 用例ID清洗：表=MQB_20260303.xlsx/座椅按摩+通风+加热+舒缓 行=103 raw='SYS-CDCU-副驾座椅按摩-0020' -> cleaned='SYS-CDCU-fujiazuoyianmo-0020'（chinese_to_pinyin，已做处理）
2026-03-20 09:50:57,475 WARNING [warn] 用例ID含中文已转拼音：表=MQB_20260303.xlsx/座椅按摩+通风+加热+舒缓 行=103 原始id='SYS-CDCU-副驾座椅按摩-0020' -> 清洗后='SYS-CDCU-fujiazuoyianmo-0020'
2026-03-20 09:50:57,477 WARNING [warn] 用例ID清洗：表=MQB_20260303.xlsx/座椅按摩+通风+加热+舒缓 行=110 raw='SYS-CDCU-副驾座椅按摩-0021' -> cleaned='SYS-CDCU-fujiazuoyianmo-0021'（chinese_to_pinyin，已做处理）
2026-03-20 09:50:57,477 WARNING [warn] 用例ID含中文已转拼音：表=MQB_20260303.xlsx/座椅按摩+通风+加热+舒缓 行=110 原始id='SYS-CDCU-副驾座椅按摩-0021' -> 清洗后='SYS-CDCU-fujiazuoyianmo-0021'
2026-03-20 09:50:57,478 WARNING [warn] 用例ID清洗：表=MQB_20260303.xlsx/座椅按摩+通风+加热+舒缓 行=114 raw='SYS-CDCU-副驾座椅按摩-0022' -> cleaned='SYS-CDCU-fujiazuoyianmo-0022'（chinese_to_pinyin，已做处理）
2026-03-20 09:50:57,478 WARNING [warn] 用例ID含中文已转拼音：表=MQB_20260303.xlsx/座椅按摩+通风+加热+舒缓 行=114 原始id='SYS-CDCU-副驾座椅按摩-0022' -> 清洗后='SYS-CDCU-fujiazuoyianmo-0022'
2026-03-20 09:50:57,478 WARNING [warn] 用例ID清洗：表=MQB_20260303.xlsx/座椅按摩+通风+加热+舒缓 行=118 raw='SYS-CDCU-副驾座椅按摩-0023' -> cleaned='SYS-CDCU-fujiazuoyianmo-0023'（chinese_to_pinyin，已做处理）
2026-03-20 09:50:57,478 WARNING [warn] 用例ID含中文已转拼音：表=MQB_20260303.xlsx/座椅按摩+通风+加热+舒缓 行=118 原始id='SYS-CDCU-副驾座椅按摩-0023' -> 清洗后='SYS-CDCU-fujiazuoyianmo-0023'
2026-03-20 09:50:57,480 WARNING [warn] 用例ID清洗：表=MQB_20260303.xlsx/座椅按摩+通风+加热+舒缓 行=122 raw='SYS-CDCU-二排左侧座椅按摩-0024' -> cleaned='SYS-CDCU-erpaizuocezuoyianmo-0024'（chinese_to_pinyin，已做处理）
2026-03-20 09:50:57,480 WARNING [warn] 用例ID含中文已转拼音：表=MQB_20260303.xlsx/座椅按摩+通风+加热+舒缓 行=122 原始id='SYS-CDCU-二排左侧座椅按摩-0024' -> 清洗后='SYS-CDCU-erpaizuocezuoyianmo-0024'
2026-03-20 09:50:57,482 WARNING [warn] 用例ID清洗：表=MQB_20260303.xlsx/座椅按摩+通风+加热+舒缓 行=129 raw='SYS-CDCU-二排左侧座椅按摩-0025' -> cleaned='SYS-CDCU-erpaizuocezuoyianmo-0025'（chinese_to_pinyin，已做处理）
2026-03-20 09:50:57,483 WARNING [warn] 用例ID含中文已转拼音：表=MQB_20260303.xlsx/座椅按摩+通风+加热+舒缓 行=129 原始id='SYS-CDCU-二排左侧座椅按摩-0025' -> 清洗后='SYS-CDCU-erpaizuocezuoyianmo-0025'
2026-03-20 09:50:57,485 WARNING [warn] 用例ID清洗：表=MQB_20260303.xlsx/座椅按摩+通风+加热+舒缓 行=133 raw='SYS-CDCU-二排左侧座椅按摩-0026' -> cleaned='SYS-CDCU-erpaizuocezuoyianmo-0026'（chinese_to_pinyin，已做处理）
2026-03-20 09:50:57,485 WARNING [warn] 用例ID含中文已转拼音：表=MQB_20260303.xlsx/座椅按摩+通风+加热+舒缓 行=133 原始id='SYS-CDCU-二排左侧座椅按摩-0026' -> 清洗后='SYS-CDCU-erpaizuocezuoyianmo-0026'
2026-03-20 09:50:57,486 WARNING [warn] 用例ID清洗：表=MQB_20260303.xlsx/座椅按摩+通风+加热+舒缓 行=137 raw='SYS-CDCU-二排左侧座椅按摩-0027' -> cleaned='SYS-CDCU-erpaizuocezuoyianmo-0027'（chinese_to_pinyin，已做处理）
2026-03-20 09:50:57,486 WARNING [warn] 用例ID含中文已转拼音：表=MQB_20260303.xlsx/座椅按摩+通风+加热+舒缓 行=137 原始id='SYS-CDCU-二排左侧座椅按摩-0027' -> 清洗后='SYS-CDCU-erpaizuocezuoyianmo-0027'
2026-03-20 09:50:57,487 WARNING [warn] 用例ID清洗：表=MQB_20260303.xlsx/座椅按摩+通风+加热+舒缓 行=141 raw='SYS-CDCU-二排左侧座椅按摩-0028' -> cleaned='SYS-CDCU-erpaizuocezuoyianmo-0028'（chinese_to_pinyin，已做处理）
2026-03-20 09:50:57,488 WARNING [warn] 用例ID含中文已转拼音：表=MQB_20260303.xlsx/座椅按摩+通风+加热+舒缓 行=141 原始id='SYS-CDCU-二排左侧座椅按摩-0028' -> 清洗后='SYS-CDCU-erpaizuocezuoyianmo-0028'
2026-03-20 09:50:57,489 WARNING [warn] 用例ID清洗：表=MQB_20260303.xlsx/座椅按摩+通风+加热+舒缓 行=148 raw='SYS-CDCU-二排左侧座椅按摩-0029' -> cleaned='SYS-CDCU-erpaizuocezuoyianmo-0029'（chinese_to_pinyin，已做处理）
2026-03-20 09:50:57,489 WARNING [warn] 用例ID含中文已转拼音：表=MQB_20260303.xlsx/座椅按摩+通风+加热+舒缓 行=148 原始id='SYS-CDCU-二排左侧座椅按摩-0029' -> 清洗后='SYS-CDCU-erpaizuocezuoyianmo-0029'
2026-03-20 09:50:57,490 WARNING [warn] 用例ID清洗：表=MQB_20260303.xlsx/座椅按摩+通风+加热+舒缓 行=152 raw='SYS-CDCU-二排左侧座椅按摩-0030' -> cleaned='SYS-CDCU-erpaizuocezuoyianmo-0030'（chinese_to_pinyin，已做处理）
2026-03-20 09:50:57,490 WARNING [warn] 用例ID含中文已转拼音：表=MQB_20260303.xlsx/座椅按摩+通风+加热+舒缓 行=152 原始id='SYS-CDCU-二排左侧座椅按摩-0030' -> 清洗后='SYS-CDCU-erpaizuocezuoyianmo-0030'
2026-03-20 09:50:57,491 WARNING [warn] 用例ID清洗：表=MQB_20260303.xlsx/座椅按摩+通风+加热+舒缓 行=156 raw='SYS-CDCU-二排左侧座椅按摩-0031' -> cleaned='SYS-CDCU-erpaizuocezuoyianmo-0031'（chinese_to_pinyin，已做处理）
2026-03-20 09:50:57,491 WARNING [warn] 用例ID含中文已转拼音：表=MQB_20260303.xlsx/座椅按摩+通风+加热+舒缓 行=156 原始id='SYS-CDCU-二排左侧座椅按摩-0031' -> 清洗后='SYS-CDCU-erpaizuocezuoyianmo-0031'
2026-03-20 09:50:57,493 WARNING [warn] 用例ID清洗：表=MQB_20260303.xlsx/座椅按摩+通风+加热+舒缓 行=163 raw='SYS-CDCU-二排左侧座椅按摩-0032' -> cleaned='SYS-CDCU-erpaizuocezuoyianmo-0032'（chinese_to_pinyin，已做处理）
2026-03-20 09:50:57,493 WARNING [warn] 用例ID含中文已转拼音：表=MQB_20260303.xlsx/座椅按摩+通风+加热+舒缓 行=163 原始id='SYS-CDCU-二排左侧座椅按摩-0032' -> 清洗后='SYS-CDCU-erpaizuocezuoyianmo-0032'
2026-03-20 09:50:57,494 WARNING [warn] 用例ID清洗：表=MQB_20260303.xlsx/座椅按摩+通风+加热+舒缓 行=167 raw='SYS-CDCU-二排左侧座椅按摩-0033' -> cleaned='SYS-CDCU-erpaizuocezuoyianmo-0033'（chinese_to_pinyin，已做处理）
2026-03-20 09:50:57,494 WARNING [warn] 用例ID含中文已转拼音：表=MQB_20260303.xlsx/座椅按摩+通风+加热+舒缓 行=167 原始id='SYS-CDCU-二排左侧座椅按摩-0033' -> 清洗后='SYS-CDCU-erpaizuocezuoyianmo-0033'
2026-03-20 09:50:57,496 WARNING [warn] 用例ID清洗：表=MQB_20260303.xlsx/座椅按摩+通风+加热+舒缓 行=171 raw='SYS-CDCU-二排左侧座椅按摩-0034' -> cleaned='SYS-CDCU-erpaizuocezuoyianmo-0034'（chinese_to_pinyin，已做处理）
2026-03-20 09:50:57,496 WARNING [warn] 用例ID含中文已转拼音：表=MQB_20260303.xlsx/座椅按摩+通风+加热+舒缓 行=171 原始id='SYS-CDCU-二排左侧座椅按摩-0034' -> 清洗后='SYS-CDCU-erpaizuocezuoyianmo-0034'
2026-03-20 09:50:57,497 WARNING [warn] 用例ID清洗：表=MQB_20260303.xlsx/座椅按摩+通风+加热+舒缓 行=175 raw='SYS-CDCU-二排右侧座椅按摩-0035' -> cleaned='SYS-CDCU-erpaiyoucezuoyianmo-0035'（chinese_to_pinyin，已做处理）
2026-03-20 09:50:57,497 WARNING [warn] 用例ID含中文已转拼音：表=MQB_20260303.xlsx/座椅按摩+通风+加热+舒缓 行=175 原始id='SYS-CDCU-二排右侧座椅按摩-0035' -> 清洗后='SYS-CDCU-erpaiyoucezuoyianmo-0035'
2026-03-20 09:50:57,500 WARNING [warn] 用例ID清洗：表=MQB_20260303.xlsx/座椅按摩+通风+加热+舒缓 行=179 raw='SYS-CDCU-二排右侧座椅按摩-0036' -> cleaned='SYS-CDCU-erpaiyoucezuoyianmo-0036'（chinese_to_pinyin，已做处理）
2026-03-20 09:50:57,501 WARNING [warn] 用例ID含中文已转拼音：表=MQB_20260303.xlsx/座椅按摩+通风+加热+舒缓 行=179 原始id='SYS-CDCU-二排右侧座椅按摩-0036' -> 清洗后='SYS-CDCU-erpaiyoucezuoyianmo-0036'
2026-03-20 09:50:57,502 WARNING [warn] 用例ID清洗：表=MQB_20260303.xlsx/座椅按摩+通风+加热+舒缓 行=183 raw='SYS-CDCU-二排右侧座椅按摩-0037' -> cleaned='SYS-CDCU-erpaiyoucezuoyianmo-0037'（chinese_to_pinyin，已做处理）
2026-03-20 09:50:57,502 WARNING [warn] 用例ID含中文已转拼音：表=MQB_20260303.xlsx/座椅按摩+通风+加热+舒缓 行=183 原始id='SYS-CDCU-二排右侧座椅按摩-0037' -> 清洗后='SYS-CDCU-erpaiyoucezuoyianmo-0037'
2026-03-20 09:50:57,504 WARNING [warn] 用例ID清洗：表=MQB_20260303.xlsx/座椅按摩+通风+加热+舒缓 行=187 raw='SYS-CDCU-二排右侧座椅按摩-0038' -> cleaned='SYS-CDCU-erpaiyoucezuoyianmo-0038'（chinese_to_pinyin，已做处理）
2026-03-20 09:50:57,504 WARNING [warn] 用例ID含中文已转拼音：表=MQB_20260303.xlsx/座椅按摩+通风+加热+舒缓 行=187 原始id='SYS-CDCU-二排右侧座椅按摩-0038' -> 清洗后='SYS-CDCU-erpaiyoucezuoyianmo-0038'
2026-03-20 09:50:57,505 WARNING [warn] 用例ID清洗：表=MQB_20260303.xlsx/座椅按摩+通风+加热+舒缓 行=191 raw='SYS-CDCU-二排右侧座椅按摩-0039' -> cleaned='SYS-CDCU-erpaiyoucezuoyianmo-0039'（chinese_to_pinyin，已做处理）
2026-03-20 09:50:57,506 WARNING [warn] 用例ID含中文已转拼音：表=MQB_20260303.xlsx/座椅按摩+通风+加热+舒缓 行=191 原始id='SYS-CDCU-二排右侧座椅按摩-0039' -> 清洗后='SYS-CDCU-erpaiyoucezuoyianmo-0039'
2026-03-20 09:50:57,507 WARNING [warn] 用例ID清洗：表=MQB_20260303.xlsx/座椅按摩+通风+加热+舒缓 行=195 raw='SYS-CDCU-二排右侧座椅按摩-0040' -> cleaned='SYS-CDCU-erpaiyoucezuoyianmo-0040'（chinese_to_pinyin，已做处理）
2026-03-20 09:50:57,507 WARNING [warn] 用例ID含中文已转拼音：表=MQB_20260303.xlsx/座椅按摩+通风+加热+舒缓 行=195 原始id='SYS-CDCU-二排右侧座椅按摩-0040' -> 清洗后='SYS-CDCU-erpaiyoucezuoyianmo-0040'
2026-03-20 09:50:57,508 WARNING [warn] 用例ID清洗：表=MQB_20260303.xlsx/座椅按摩+通风+加热+舒缓 行=199 raw='SYS-CDCU-二排右侧座椅按摩-0041' -> cleaned='SYS-CDCU-erpaiyoucezuoyianmo-0041'（chinese_to_pinyin，已做处理）
2026-03-20 09:50:57,508 WARNING [warn] 用例ID含中文已转拼音：表=MQB_20260303.xlsx/座椅按摩+通风+加热+舒缓 行=199 原始id='SYS-CDCU-二排右侧座椅按摩-0041' -> 清洗后='SYS-CDCU-erpaiyoucezuoyianmo-0041'
2026-03-20 09:50:57,509 WARNING [warn] 用例ID清洗：表=MQB_20260303.xlsx/座椅按摩+通风+加热+舒缓 行=203 raw='SYS-CDCU-二排右侧座椅按摩-0042' -> cleaned='SYS-CDCU-erpaiyoucezuoyianmo-0042'（chinese_to_pinyin，已做处理）
2026-03-20 09:50:57,509 WARNING [warn] 用例ID含中文已转拼音：表=MQB_20260303.xlsx/座椅按摩+通风+加热+舒缓 行=203 原始id='SYS-CDCU-二排右侧座椅按摩-0042' -> 清洗后='SYS-CDCU-erpaiyoucezuoyianmo-0042'
2026-03-20 09:50:57,510 WARNING [warn] 用例ID清洗：表=MQB_20260303.xlsx/座椅按摩+通风+加热+舒缓 行=207 raw='SYS-CDCU-二排右侧座椅按摩-0043' -> cleaned='SYS-CDCU-erpaiyoucezuoyianmo-0043'（chinese_to_pinyin，已做处理）
2026-03-20 09:50:57,510 WARNING [warn] 用例ID含中文已转拼音：表=MQB_20260303.xlsx/座椅按摩+通风+加热+舒缓 行=207 原始id='SYS-CDCU-二排右侧座椅按摩-0043' -> 清洗后='SYS-CDCU-erpaiyoucezuoyianmo-0043'
2026-03-20 09:50:57,511 WARNING [warn] 用例ID清洗：表=MQB_20260303.xlsx/座椅按摩+通风+加热+舒缓 行=211 raw='SYS-CDCU-关闭主驾座椅加热-0044' -> cleaned='SYS-CDCU-guanbizhujiazuoyijiare-0044'（chinese_to_pinyin，已做处理）
2026-03-20 09:50:57,511 WARNING [warn] 用例ID含中文已转拼音：表=MQB_20260303.xlsx/座椅按摩+通风+加热+舒缓 行=211 原始id='SYS-CDCU-关闭主驾座椅加热-0044' -> 清洗后='SYS-CDCU-guanbizhujiazuoyijiare-0044'
2026-03-20 09:50:57,514 WARNING [warn] 用例ID清洗：表=MQB_20260303.xlsx/座椅按摩+通风+加热+舒缓 行=225 raw='SYS-CDCU-关闭主驾座椅加热-0045' -> cleaned='SYS-CDCU-guanbizhujiazuoyijiare-0045'（chinese_to_pinyin，已做处理）
2026-03-20 09:50:57,515 WARNING [warn] 用例ID含中文已转拼音：表=MQB_20260303.xlsx/座椅按摩+通风+加热+舒缓 行=225 原始id='SYS-CDCU-关闭主驾座椅加热-0045' -> 清洗后='SYS-CDCU-guanbizhujiazuoyijiare-0045'
2026-03-20 09:50:57,518 WARNING [warn] 用例ID清洗：表=MQB_20260303.xlsx/座椅按摩+通风+加热+舒缓 行=235 raw='SYS-CDCU-关闭主驾座椅加热-0046' -> cleaned='SYS-CDCU-guanbizhujiazuoyijiare-0046'（chinese_to_pinyin，已做处理）
2026-03-20 09:50:57,518 WARNING [warn] 用例ID含中文已转拼音：表=MQB_20260303.xlsx/座椅按摩+通风+加热+舒缓 行=235 原始id='SYS-CDCU-关闭主驾座椅加热-0046' -> 清洗后='SYS-CDCU-guanbizhujiazuoyijiare-0046'
2026-03-20 09:50:57,520 WARNING [warn] 用例ID清洗：表=MQB_20260303.xlsx/座椅按摩+通风+加热+舒缓 行=245 raw='SYS-CDCU-关闭主驾座椅加热-0047' -> cleaned='SYS-CDCU-guanbizhujiazuoyijiare-0047'（chinese_to_pinyin，已做处理）
2026-03-20 09:50:57,520 WARNING [warn] 用例ID含中文已转拼音：表=MQB_20260303.xlsx/座椅按摩+通风+加热+舒缓 行=245 原始id='SYS-CDCU-关闭主驾座椅加热-0047' -> 清洗后='SYS-CDCU-guanbizhujiazuoyijiare-0047'
2026-03-20 09:50:57,521 WARNING [warn] 用例ID清洗：表=MQB_20260303.xlsx/座椅按摩+通风+加热+舒缓 行=250 raw='SYS-CDCU-关闭主驾座椅加热-0048' -> cleaned='SYS-CDCU-guanbizhujiazuoyijiare-0048'（chinese_to_pinyin，已做处理）
2026-03-20 09:50:57,521 WARNING [warn] 用例ID含中文已转拼音：表=MQB_20260303.xlsx/座椅按摩+通风+加热+舒缓 行=250 原始id='SYS-CDCU-关闭主驾座椅加热-0048' -> 清洗后='SYS-CDCU-guanbizhujiazuoyijiare-0048'
2026-03-20 09:50:57,522 WARNING [warn] 用例ID清洗：表=MQB_20260303.xlsx/座椅按摩+通风+加热+舒缓 行=255 raw='SYS-CDCU-关闭主驾座椅加热-0049' -> cleaned='SYS-CDCU-guanbizhujiazuoyijiare-0049'（chinese_to_pinyin，已做处理）
2026-03-20 09:50:57,523 WARNING [warn] 用例ID含中文已转拼音：表=MQB_20260303.xlsx/座椅按摩+通风+加热+舒缓 行=255 原始id='SYS-CDCU-关闭主驾座椅加热-0049' -> 清洗后='SYS-CDCU-guanbizhujiazuoyijiare-0049'
2026-03-20 09:50:57,524 WARNING [warn] 用例ID清洗：表=MQB_20260303.xlsx/座椅按摩+通风+加热+舒缓 行=257 raw='SYS-CDCU-关闭主驾座椅加热-0050' -> cleaned='SYS-CDCU-guanbizhujiazuoyijiare-0050'（chinese_to_pinyin，已做处理）
2026-03-20 09:50:57,524 WARNING [warn] 用例ID含中文已转拼音：表=MQB_20260303.xlsx/座椅按摩+通风+加热+舒缓 行=257 原始id='SYS-CDCU-关闭主驾座椅加热-0050' -> 清洗后='SYS-CDCU-guanbizhujiazuoyijiare-0050'
2026-03-20 09:50:57,524 WARNING [warn] 用例ID清洗：表=MQB_20260303.xlsx/座椅按摩+通风+加热+舒缓 行=259 raw='SYS-CDCU-关闭主驾座椅加热-0051' -> cleaned='SYS-CDCU-guanbizhujiazuoyijiare-0051'（chinese_to_pinyin，已做处理）
2026-03-20 09:50:57,525 WARNING [warn] 用例ID含中文已转拼音：表=MQB_20260303.xlsx/座椅按摩+通风+加热+舒缓 行=259 原始id='SYS-CDCU-关闭主驾座椅加热-0051' -> 清洗后='SYS-CDCU-guanbizhujiazuoyijiare-0051'
2026-03-20 09:50:57,526 WARNING [warn] 用例ID清洗：表=MQB_20260303.xlsx/座椅按摩+通风+加热+舒缓 行=263 raw='SYS-CDCU-关闭主驾座椅加热-0052' -> cleaned='SYS-CDCU-guanbizhujiazuoyijiare-0052'（chinese_to_pinyin，已做处理）
2026-03-20 09:50:57,526 WARNING [warn] 用例ID含中文已转拼音：表=MQB_20260303.xlsx/座椅按摩+通风+加热+舒缓 行=263 原始id='SYS-CDCU-关闭主驾座椅加热-0052' -> 清洗后='SYS-CDCU-guanbizhujiazuoyijiare-0052'
2026-03-20 09:50:57,527 WARNING [warn] 用例ID清洗：表=MQB_20260303.xlsx/座椅按摩+通风+加热+舒缓 行=274 raw='SYS-CDCU-关闭主驾座椅加热-0053' -> cleaned='SYS-CDCU-guanbizhujiazuoyijiare-0053'（chinese_to_pinyin，已做处理）
2026-03-20 09:50:57,527 WARNING [warn] 用例ID含中文已转拼音：表=MQB_20260303.xlsx/座椅按摩+通风+加热+舒缓 行=274 原始id='SYS-CDCU-关闭主驾座椅加热-0053' -> 清洗后='SYS-CDCU-guanbizhujiazuoyijiare-0053'
2026-03-20 09:50:57,530 WARNING [warn] 用例ID清洗：表=MQB_20260303.xlsx/座椅按摩+通风+加热+舒缓 行=285 raw='SYS-CDCU-关闭主驾座椅加热-0054' -> cleaned='SYS-CDCU-guanbizhujiazuoyijiare-0054'（chinese_to_pinyin，已做处理）
2026-03-20 09:50:57,531 WARNING [warn] 用例ID含中文已转拼音：表=MQB_20260303.xlsx/座椅按摩+通风+加热+舒缓 行=285 原始id='SYS-CDCU-关闭主驾座椅加热-0054' -> 清洗后='SYS-CDCU-guanbizhujiazuoyijiare-0054'
2026-03-20 09:50:57,535 WARNING [warn] 用例ID清洗：表=MQB_20260303.xlsx/座椅按摩+通风+加热+舒缓 行=295 raw='SYS-CDCU-关闭主驾座椅加热-0055' -> cleaned='SYS-CDCU-guanbizhujiazuoyijiare-0055'（chinese_to_pinyin，已做处理）
2026-03-20 09:50:57,535 WARNING [warn] 用例ID含中文已转拼音：表=MQB_20260303.xlsx/座椅按摩+通风+加热+舒缓 行=295 原始id='SYS-CDCU-关闭主驾座椅加热-0055' -> 清洗后='SYS-CDCU-guanbizhujiazuoyijiare-0055'
2026-03-20 09:50:57,536 WARNING [warn] 用例ID清洗：表=MQB_20260303.xlsx/座椅按摩+通风+加热+舒缓 行=299 raw='SYS-CDCU-关闭主驾座椅加热-0056' -> cleaned='SYS-CDCU-guanbizhujiazuoyijiare-0056'（chinese_to_pinyin，已做处理）
2026-03-20 09:50:57,536 WARNING [warn] 用例ID含中文已转拼音：表=MQB_20260303.xlsx/座椅按摩+通风+加热+舒缓 行=299 原始id='SYS-CDCU-关闭主驾座椅加热-0056' -> 清洗后='SYS-CDCU-guanbizhujiazuoyijiare-0056'
2026-03-20 09:50:57,537 WARNING [warn] 用例ID清洗：表=MQB_20260303.xlsx/座椅按摩+通风+加热+舒缓 行=304 raw='SYS-CDCU-关闭主驾座椅加热-0057' -> cleaned='SYS-CDCU-guanbizhujiazuoyijiare-0057'（chinese_to_pinyin，已做处理）
2026-03-20 09:50:57,538 WARNING [warn] 用例ID含中文已转拼音：表=MQB_20260303.xlsx/座椅按摩+通风+加热+舒缓 行=304 原始id='SYS-CDCU-关闭主驾座椅加热-0057' -> 清洗后='SYS-CDCU-guanbizhujiazuoyijiare-0057'
2026-03-20 09:50:57,539 WARNING [warn] 用例ID清洗：表=MQB_20260303.xlsx/座椅按摩+通风+加热+舒缓 行=310 raw='SYS-CDCU-关闭副驾座椅加热-0058' -> cleaned='SYS-CDCU-guanbifujiazuoyijiare-0058'（chinese_to_pinyin，已做处理）
2026-03-20 09:50:57,539 WARNING [warn] 用例ID含中文已转拼音：表=MQB_20260303.xlsx/座椅按摩+通风+加热+舒缓 行=310 原始id='SYS-CDCU-关闭副驾座椅加热-0058' -> 清洗后='SYS-CDCU-guanbifujiazuoyijiare-0058'
2026-03-20 09:50:57,540 WARNING [warn] 用例ID清洗：表=MQB_20260303.xlsx/座椅按摩+通风+加热+舒缓 行=316 raw='SYS-CDCU-关闭副驾座椅加热-0059' -> cleaned='SYS-CDCU-guanbifujiazuoyijiare-0059'（chinese_to_pinyin，已做处理）
2026-03-20 09:50:57,540 WARNING [warn] 用例ID含中文已转拼音：表=MQB_20260303.xlsx/座椅按摩+通风+加热+舒缓 行=316 原始id='SYS-CDCU-关闭副驾座椅加热-0059' -> 清洗后='SYS-CDCU-guanbifujiazuoyijiare-0059'
2026-03-20 09:50:57,542 WARNING [warn] 用例ID清洗：表=MQB_20260303.xlsx/座椅按摩+通风+加热+舒缓 行=330 raw='SYS-CDCU-关闭副驾座椅加热-0060' -> cleaned='SYS-CDCU-guanbifujiazuoyijiare-0060'（chinese_to_pinyin，已做处理）
2026-03-20 09:50:57,542 WARNING [warn] 用例ID含中文已转拼音：表=MQB_20260303.xlsx/座椅按摩+通风+加热+舒缓 行=330 原始id='SYS-CDCU-关闭副驾座椅加热-0060' -> 清洗后='SYS-CDCU-guanbifujiazuoyijiare-0060'
2026-03-20 09:50:57,544 WARNING [warn] 用例ID清洗：表=MQB_20260303.xlsx/座椅按摩+通风+加热+舒缓 行=342 raw='SYS-CDCU-关闭副驾座椅加热-0061' -> cleaned='SYS-CDCU-guanbifujiazuoyijiare-0061'（chinese_to_pinyin，已做处理）
2026-03-20 09:50:57,544 WARNING [warn] 用例ID含中文已转拼音：表=MQB_20260303.xlsx/座椅按摩+通风+加热+舒缓 行=342 原始id='SYS-CDCU-关闭副驾座椅加热-0061' -> 清洗后='SYS-CDCU-guanbifujiazuoyijiare-0061'
2026-03-20 09:50:57,545 WARNING [warn] 用例ID清洗：表=MQB_20260303.xlsx/座椅按摩+通风+加热+舒缓 行=354 raw='SYS-CDCU-关闭副驾座椅加热-0062' -> cleaned='SYS-CDCU-guanbifujiazuoyijiare-0062'（chinese_to_pinyin，已做处理）
2026-03-20 09:50:57,545 WARNING [warn] 用例ID含中文已转拼音：表=MQB_20260303.xlsx/座椅按摩+通风+加热+舒缓 行=354 原始id='SYS-CDCU-关闭副驾座椅加热-0062' -> 清洗后='SYS-CDCU-guanbifujiazuoyijiare-0062'
2026-03-20 09:50:57,548 WARNING [warn] 用例ID清洗：表=MQB_20260303.xlsx/座椅按摩+通风+加热+舒缓 行=362 raw='SYS-CDCU-关闭副驾座椅加热-0063' -> cleaned='SYS-CDCU-guanbifujiazuoyijiare-0063'（chinese_to_pinyin，已做处理）
2026-03-20 09:50:57,548 WARNING [warn] 用例ID含中文已转拼音：表=MQB_20260303.xlsx/座椅按摩+通风+加热+舒缓 行=362 原始id='SYS-CDCU-关闭副驾座椅加热-0063' -> 清洗后='SYS-CDCU-guanbifujiazuoyijiare-0063'
2026-03-20 09:50:57,550 WARNING [warn] 用例ID清洗：表=MQB_20260303.xlsx/座椅按摩+通风+加热+舒缓 行=370 raw='SYS-CDCU-关闭副驾座椅加热-0064' -> cleaned='SYS-CDCU-guanbifujiazuoyijiare-0064'（chinese_to_pinyin，已做处理）
2026-03-20 09:50:57,551 WARNING [warn] 用例ID含中文已转拼音：表=MQB_20260303.xlsx/座椅按摩+通风+加热+舒缓 行=370 原始id='SYS-CDCU-关闭副驾座椅加热-0064' -> 清洗后='SYS-CDCU-guanbifujiazuoyijiare-0064'
2026-03-20 09:50:57,552 WARNING [warn] 用例ID清洗：表=MQB_20260303.xlsx/座椅按摩+通风+加热+舒缓 行=375 raw='SYS-CDCU-关闭副驾座椅加热-0065' -> cleaned='SYS-CDCU-guanbifujiazuoyijiare-0065'（chinese_to_pinyin，已做处理）
2026-03-20 09:50:57,552 WARNING [warn] 用例ID含中文已转拼音：表=MQB_20260303.xlsx/座椅按摩+通风+加热+舒缓 行=375 原始id='SYS-CDCU-关闭副驾座椅加热-0065' -> 清洗后='SYS-CDCU-guanbifujiazuoyijiare-0065'
2026-03-20 09:50:57,554 WARNING [warn] 用例ID清洗：表=MQB_20260303.xlsx/座椅按摩+通风+加热+舒缓 行=380 raw='SYS-CDCU-关闭副驾座椅加热-0066' -> cleaned='SYS-CDCU-guanbifujiazuoyijiare-0066'（chinese_to_pinyin，已做处理）
2026-03-20 09:50:57,554 WARNING [warn] 用例ID含中文已转拼音：表=MQB_20260303.xlsx/座椅按摩+通风+加热+舒缓 行=380 原始id='SYS-CDCU-关闭副驾座椅加热-0066' -> 清洗后='SYS-CDCU-guanbifujiazuoyijiare-0066'
2026-03-20 09:50:57,555 WARNING [warn] 用例ID清洗：表=MQB_20260303.xlsx/座椅按摩+通风+加热+舒缓 行=384 raw='SYS-CDCU-关闭副驾座椅加热-0067' -> cleaned='SYS-CDCU-guanbifujiazuoyijiare-0067'（chinese_to_pinyin，已做处理）
2026-03-20 09:50:57,555 WARNING [warn] 用例ID含中文已转拼音：表=MQB_20260303.xlsx/座椅按摩+通风+加热+舒缓 行=384 原始id='SYS-CDCU-关闭副驾座椅加热-0067' -> 清洗后='SYS-CDCU-guanbifujiazuoyijiare-0067'
2026-03-20 09:50:57,557 WARNING [warn] 用例ID清洗：表=MQB_20260303.xlsx/座椅按摩+通风+加热+舒缓 行=397 raw='SYS-CDCU-关闭副驾座椅加热-0068' -> cleaned='SYS-CDCU-guanbifujiazuoyijiare-0068'（chinese_to_pinyin，已做处理）
2026-03-20 09:50:57,557 WARNING [warn] 用例ID含中文已转拼音：表=MQB_20260303.xlsx/座椅按摩+通风+加热+舒缓 行=397 原始id='SYS-CDCU-关闭副驾座椅加热-0068' -> 清洗后='SYS-CDCU-guanbifujiazuoyijiare-0068'
2026-03-20 09:50:57,559 WARNING [warn] 用例ID清洗：表=MQB_20260303.xlsx/座椅按摩+通风+加热+舒缓 行=408 raw='SYS-CDCU-关闭副驾座椅加热-0069' -> cleaned='SYS-CDCU-guanbifujiazuoyijiare-0069'（chinese_to_pinyin，已做处理）
2026-03-20 09:50:57,559 WARNING [warn] 用例ID含中文已转拼音：表=MQB_20260303.xlsx/座椅按摩+通风+加热+舒缓 行=408 原始id='SYS-CDCU-关闭副驾座椅加热-0069' -> 清洗后='SYS-CDCU-guanbifujiazuoyijiare-0069'
2026-03-20 09:50:57,560 WARNING [warn] 用例ID清洗：表=MQB_20260303.xlsx/座椅按摩+通风+加热+舒缓 行=419 raw='SYS-CDCU-关闭副驾座椅加热-0070' -> cleaned='SYS-CDCU-guanbifujiazuoyijiare-0070'（chinese_to_pinyin，已做处理）
2026-03-20 09:50:57,560 WARNING [warn] 用例ID含中文已转拼音：表=MQB_20260303.xlsx/座椅按摩+通风+加热+舒缓 行=419 原始id='SYS-CDCU-关闭副驾座椅加热-0070' -> 清洗后='SYS-CDCU-guanbifujiazuoyijiare-0070'
2026-03-20 09:50:57,561 WARNING [warn] 用例ID清洗：表=MQB_20260303.xlsx/座椅按摩+通风+加热+舒缓 行=424 raw='SYS-CDCU-关闭副驾座椅加热-0071' -> cleaned='SYS-CDCU-guanbifujiazuoyijiare-0071'（chinese_to_pinyin，已做处理）
2026-03-20 09:50:57,561 WARNING [warn] 用例ID含中文已转拼音：表=MQB_20260303.xlsx/座椅按摩+通风+加热+舒缓 行=424 原始id='SYS-CDCU-关闭副驾座椅加热-0071' -> 清洗后='SYS-CDCU-guanbifujiazuoyijiare-0071'
2026-03-20 09:50:57,563 WARNING [warn] 用例ID清洗：表=MQB_20260303.xlsx/座椅按摩+通风+加热+舒缓 行=429 raw='SYS-CDCU-关闭副驾座椅加热-0072' -> cleaned='SYS-CDCU-guanbifujiazuoyijiare-0072'（chinese_to_pinyin，已做处理）
2026-03-20 09:50:57,563 WARNING [warn] 用例ID含中文已转拼音：表=MQB_20260303.xlsx/座椅按摩+通风+加热+舒缓 行=429 原始id='SYS-CDCU-关闭副驾座椅加热-0072' -> 清洗后='SYS-CDCU-guanbifujiazuoyijiare-0072'
2026-03-20 09:50:57,565 WARNING [warn] 用例ID清洗：表=MQB_20260303.xlsx/座椅按摩+通风+加热+舒缓 行=433 raw='SYS-CDCU-二排左侧座椅加热-0073' -> cleaned='SYS-CDCU-erpaizuocezuoyijiare-0073'（chinese_to_pinyin，已做处理）
2026-03-20 09:50:57,565 WARNING [warn] 用例ID含中文已转拼音：表=MQB_20260303.xlsx/座椅按摩+通风+加热+舒缓 行=433 原始id='SYS-CDCU-二排左侧座椅加热-0073' -> 清洗后='SYS-CDCU-erpaizuocezuoyijiare-0073'
2026-03-20 09:50:57,568 WARNING [warn] 用例ID清洗：表=MQB_20260303.xlsx/座椅按摩+通风+加热+舒缓 行=439 raw='SYS-CDCU-二排左侧座椅加热-0074' -> cleaned='SYS-CDCU-erpaizuocezuoyijiare-0074'（chinese_to_pinyin，已做处理）
2026-03-20 09:50:57,568 WARNING [warn] 用例ID含中文已转拼音：表=MQB_20260303.xlsx/座椅按摩+通风+加热+舒缓 行=439 原始id='SYS-CDCU-二排左侧座椅加热-0074' -> 清洗后='SYS-CDCU-erpaizuocezuoyijiare-0074'
2026-03-20 09:50:57,571 WARNING [warn] 用例ID清洗：表=MQB_20260303.xlsx/座椅按摩+通风+加热+舒缓 行=451 raw='SYS-CDCU-二排左侧座椅加热-0075' -> cleaned='SYS-CDCU-erpaizuocezuoyijiare-0075'（chinese_to_pinyin，已做处理）
2026-03-20 09:50:57,571 WARNING [warn] 用例ID含中文已转拼音：表=MQB_20260303.xlsx/座椅按摩+通风+加热+舒缓 行=451 原始id='SYS-CDCU-二排左侧座椅加热-0075' -> 清洗后='SYS-CDCU-erpaizuocezuoyijiare-0075'
2026-03-20 09:50:57,572 WARNING [warn] 用例ID清洗：表=MQB_20260303.xlsx/座椅按摩+通风+加热+舒缓 行=463 raw='SYS-CDCU-二排左侧座椅加热-0076' -> cleaned='SYS-CDCU-erpaizuocezuoyijiare-0076'（chinese_to_pinyin，已做处理）
2026-03-20 09:50:57,573 WARNING [warn] 用例ID含中文已转拼音：表=MQB_20260303.xlsx/座椅按摩+通风+加热+舒缓 行=463 原始id='SYS-CDCU-二排左侧座椅加热-0076' -> 清洗后='SYS-CDCU-erpaizuocezuoyijiare-0076'
2026-03-20 09:50:57,574 WARNING [warn] 用例ID清洗：表=MQB_20260303.xlsx/座椅按摩+通风+加热+舒缓 行=475 raw='SYS-CDCU-二排左侧座椅加热-0077' -> cleaned='SYS-CDCU-erpaizuocezuoyijiare-0077'（chinese_to_pinyin，已做处理）
2026-03-20 09:50:57,574 WARNING [warn] 用例ID含中文已转拼音：表=MQB_20260303.xlsx/座椅按摩+通风+加热+舒缓 行=475 原始id='SYS-CDCU-二排左侧座椅加热-0077' -> 清洗后='SYS-CDCU-erpaizuocezuoyijiare-0077'
2026-03-20 09:50:57,576 WARNING [warn] 用例ID清洗：表=MQB_20260303.xlsx/座椅按摩+通风+加热+舒缓 行=482 raw='SYS-CDCU-二排左侧座椅加热-0078' -> cleaned='SYS-CDCU-erpaizuocezuoyijiare-0078'（chinese_to_pinyin，已做处理）
2026-03-20 09:50:57,576 WARNING [warn] 用例ID含中文已转拼音：表=MQB_20260303.xlsx/座椅按摩+通风+加热+舒缓 行=482 原始id='SYS-CDCU-二排左侧座椅加热-0078' -> 清洗后='SYS-CDCU-erpaizuocezuoyijiare-0078'
2026-03-20 09:50:57,577 WARNING [warn] 用例ID清洗：表=MQB_20260303.xlsx/座椅按摩+通风+加热+舒缓 行=489 raw='SYS-CDCU-二排左侧座椅加热-0079' -> cleaned='SYS-CDCU-erpaizuocezuoyijiare-0079'（chinese_to_pinyin，已做处理）
2026-03-20 09:50:57,577 WARNING [warn] 用例ID含中文已转拼音：表=MQB_20260303.xlsx/座椅按摩+通风+加热+舒缓 行=489 原始id='SYS-CDCU-二排左侧座椅加热-0079' -> 清洗后='SYS-CDCU-erpaizuocezuoyijiare-0079'
2026-03-20 09:50:57,580 WARNING [warn] 用例ID清洗：表=MQB_20260303.xlsx/座椅按摩+通风+加热+舒缓 行=496 raw='SYS-CDCU-二排左侧座椅加热-0080' -> cleaned='SYS-CDCU-erpaizuocezuoyijiare-0080'（chinese_to_pinyin，已做处理）
2026-03-20 09:50:57,581 WARNING [warn] 用例ID含中文已转拼音：表=MQB_20260303.xlsx/座椅按摩+通风+加热+舒缓 行=496 原始id='SYS-CDCU-二排左侧座椅加热-0080' -> 清洗后='SYS-CDCU-erpaizuocezuoyijiare-0080'
2026-03-20 09:50:57,582 WARNING [warn] 用例ID清洗：表=MQB_20260303.xlsx/座椅按摩+通风+加热+舒缓 行=500 raw='SYS-CDCU-二排左侧座椅加热-0081' -> cleaned='SYS-CDCU-erpaizuocezuoyijiare-0081'（chinese_to_pinyin，已做处理）
2026-03-20 09:50:57,583 WARNING [warn] 用例ID含中文已转拼音：表=MQB_20260303.xlsx/座椅按摩+通风+加热+舒缓 行=500 原始id='SYS-CDCU-二排左侧座椅加热-0081' -> 清洗后='SYS-CDCU-erpaizuocezuoyijiare-0081'
2026-03-20 09:50:57,585 WARNING [warn] 用例ID清洗：表=MQB_20260303.xlsx/座椅按摩+通风+加热+舒缓 行=504 raw='SYS-CDCU-二排左侧座椅加热-0082' -> cleaned='SYS-CDCU-erpaizuocezuoyijiare-0082'（chinese_to_pinyin，已做处理）
2026-03-20 09:50:57,585 WARNING [warn] 用例ID含中文已转拼音：表=MQB_20260303.xlsx/座椅按摩+通风+加热+舒缓 行=504 原始id='SYS-CDCU-二排左侧座椅加热-0082' -> 清洗后='SYS-CDCU-erpaizuocezuoyijiare-0082'
2026-03-20 09:50:57,586 WARNING [warn] 用例ID清洗：表=MQB_20260303.xlsx/座椅按摩+通风+加热+舒缓 行=507 raw='SYS-CDCU-二排左侧座椅加热-0083' -> cleaned='SYS-CDCU-erpaizuocezuoyijiare-0083'（chinese_to_pinyin，已做处理）
2026-03-20 09:50:57,586 WARNING [warn] 用例ID含中文已转拼音：表=MQB_20260303.xlsx/座椅按摩+通风+加热+舒缓 行=507 原始id='SYS-CDCU-二排左侧座椅加热-0083' -> 清洗后='SYS-CDCU-erpaizuocezuoyijiare-0083'
2026-03-20 09:50:57,588 WARNING [warn] 用例ID清洗：表=MQB_20260303.xlsx/座椅按摩+通风+加热+舒缓 行=519 raw='SYS-CDCU-二排左侧座椅加热-0084' -> cleaned='SYS-CDCU-erpaizuocezuoyijiare-0084'（chinese_to_pinyin，已做处理）
2026-03-20 09:50:57,588 WARNING [warn] 用例ID含中文已转拼音：表=MQB_20260303.xlsx/座椅按摩+通风+加热+舒缓 行=519 原始id='SYS-CDCU-二排左侧座椅加热-0084' -> 清洗后='SYS-CDCU-erpaizuocezuoyijiare-0084'
2026-03-20 09:50:57,589 WARNING [warn] 用例ID清洗：表=MQB_20260303.xlsx/座椅按摩+通风+加热+舒缓 行=531 raw='SYS-CDCU-二排左侧座椅加热-0085' -> cleaned='SYS-CDCU-erpaizuocezuoyijiare-0085'（chinese_to_pinyin，已做处理）
2026-03-20 09:50:57,589 WARNING [warn] 用例ID含中文已转拼音：表=MQB_20260303.xlsx/座椅按摩+通风+加热+舒缓 行=531 原始id='SYS-CDCU-二排左侧座椅加热-0085' -> 清洗后='SYS-CDCU-erpaizuocezuoyijiare-0085'
2026-03-20 09:50:57,591 WARNING [warn] 用例ID清洗：表=MQB_20260303.xlsx/座椅按摩+通风+加热+舒缓 行=542 raw='SYS-CDCU-二排左侧座椅加热-0086' -> cleaned='SYS-CDCU-erpaizuocezuoyijiare-0086'（chinese_to_pinyin，已做处理）
2026-03-20 09:50:57,591 WARNING [warn] 用例ID含中文已转拼音：表=MQB_20260303.xlsx/座椅按摩+通风+加热+舒缓 行=542 原始id='SYS-CDCU-二排左侧座椅加热-0086' -> 清洗后='SYS-CDCU-erpaizuocezuoyijiare-0086'
2026-03-20 09:50:57,592 WARNING [warn] 用例ID清洗：表=MQB_20260303.xlsx/座椅按摩+通风+加热+舒缓 行=546 raw='SYS-CDCU-二排左侧座椅加热-0087' -> cleaned='SYS-CDCU-erpaizuocezuoyijiare-0087'（chinese_to_pinyin，已做处理）
2026-03-20 09:50:57,592 WARNING [warn] 用例ID含中文已转拼音：表=MQB_20260303.xlsx/座椅按摩+通风+加热+舒缓 行=546 原始id='SYS-CDCU-二排左侧座椅加热-0087' -> 清洗后='SYS-CDCU-erpaizuocezuoyijiare-0087'
2026-03-20 09:50:57,593 WARNING [warn] 用例ID清洗：表=MQB_20260303.xlsx/座椅按摩+通风+加热+舒缓 行=550 raw='SYS-CDCU-二排左侧座椅加热-0088' -> cleaned='SYS-CDCU-erpaizuocezuoyijiare-0088'（chinese_to_pinyin，已做处理）
2026-03-20 09:50:57,594 WARNING [warn] 用例ID含中文已转拼音：表=MQB_20260303.xlsx/座椅按摩+通风+加热+舒缓 行=550 原始id='SYS-CDCU-二排左侧座椅加热-0088' -> 清洗后='SYS-CDCU-erpaizuocezuoyijiare-0088'
2026-03-20 09:50:57,597 WARNING [warn] 用例ID清洗：表=MQB_20260303.xlsx/座椅按摩+通风+加热+舒缓 行=553 raw='SYS-CDCU-二排右侧座椅加热-0089' -> cleaned='SYS-CDCU-erpaiyoucezuoyijiare-0089'（chinese_to_pinyin，已做处理）
2026-03-20 09:50:57,597 WARNING [warn] 用例ID含中文已转拼音：表=MQB_20260303.xlsx/座椅按摩+通风+加热+舒缓 行=553 原始id='SYS-CDCU-二排右侧座椅加热-0089' -> 清洗后='SYS-CDCU-erpaiyoucezuoyijiare-0089'
2026-03-20 09:50:57,599 WARNING [warn] 用例ID清洗：表=MQB_20260303.xlsx/座椅按摩+通风+加热+舒缓 行=559 raw='SYS-CDCU-二排右侧座椅加热-0090' -> cleaned='SYS-CDCU-erpaiyoucezuoyijiare-0090'（chinese_to_pinyin，已做处理）
2026-03-20 09:50:57,600 WARNING [warn] 用例ID含中文已转拼音：表=MQB_20260303.xlsx/座椅按摩+通风+加热+舒缓 行=559 原始id='SYS-CDCU-二排右侧座椅加热-0090' -> 清洗后='SYS-CDCU-erpaiyoucezuoyijiare-0090'
2026-03-20 09:50:57,602 WARNING [warn] 用例ID清洗：表=MQB_20260303.xlsx/座椅按摩+通风+加热+舒缓 行=571 raw='SYS-CDCU-二排右侧座椅加热-0091' -> cleaned='SYS-CDCU-erpaiyoucezuoyijiare-0091'（chinese_to_pinyin，已做处理）
2026-03-20 09:50:57,603 WARNING [warn] 用例ID含中文已转拼音：表=MQB_20260303.xlsx/座椅按摩+通风+加热+舒缓 行=571 原始id='SYS-CDCU-二排右侧座椅加热-0091' -> 清洗后='SYS-CDCU-erpaiyoucezuoyijiare-0091'
2026-03-20 09:50:57,604 WARNING [warn] 用例ID清洗：表=MQB_20260303.xlsx/座椅按摩+通风+加热+舒缓 行=583 raw='SYS-CDCU-二排右侧座椅加热-0092' -> cleaned='SYS-CDCU-erpaiyoucezuoyijiare-0092'（chinese_to_pinyin，已做处理）
2026-03-20 09:50:57,605 WARNING [warn] 用例ID含中文已转拼音：表=MQB_20260303.xlsx/座椅按摩+通风+加热+舒缓 行=583 原始id='SYS-CDCU-二排右侧座椅加热-0092' -> 清洗后='SYS-CDCU-erpaiyoucezuoyijiare-0092'
2026-03-20 09:50:57,606 WARNING [warn] 用例ID清洗：表=MQB_20260303.xlsx/座椅按摩+通风+加热+舒缓 行=595 raw='SYS-CDCU-二排右侧座椅加热-0093' -> cleaned='SYS-CDCU-erpaiyoucezuoyijiare-0093'（chinese_to_pinyin，已做处理）
2026-03-20 09:50:57,607 WARNING [warn] 用例ID含中文已转拼音：表=MQB_20260303.xlsx/座椅按摩+通风+加热+舒缓 行=595 原始id='SYS-CDCU-二排右侧座椅加热-0093' -> 清洗后='SYS-CDCU-erpaiyoucezuoyijiare-0093'
2026-03-20 09:50:57,608 WARNING [warn] 用例ID清洗：表=MQB_20260303.xlsx/座椅按摩+通风+加热+舒缓 行=602 raw='SYS-CDCU-二排右侧座椅加热-0094' -> cleaned='SYS-CDCU-erpaiyoucezuoyijiare-0094'（chinese_to_pinyin，已做处理）
2026-03-20 09:50:57,608 WARNING [warn] 用例ID含中文已转拼音：表=MQB_20260303.xlsx/座椅按摩+通风+加热+舒缓 行=602 原始id='SYS-CDCU-二排右侧座椅加热-0094' -> 清洗后='SYS-CDCU-erpaiyoucezuoyijiare-0094'
2026-03-20 09:50:57,609 WARNING [warn] 用例ID清洗：表=MQB_20260303.xlsx/座椅按摩+通风+加热+舒缓 行=609 raw='SYS-CDCU-二排右侧座椅加热-0095' -> cleaned='SYS-CDCU-erpaiyoucezuoyijiare-0095'（chinese_to_pinyin，已做处理）
2026-03-20 09:50:57,609 WARNING [warn] 用例ID含中文已转拼音：表=MQB_20260303.xlsx/座椅按摩+通风+加热+舒缓 行=609 原始id='SYS-CDCU-二排右侧座椅加热-0095' -> 清洗后='SYS-CDCU-erpaiyoucezuoyijiare-0095'
2026-03-20 09:50:57,611 WARNING [warn] 用例ID清洗：表=MQB_20260303.xlsx/座椅按摩+通风+加热+舒缓 行=616 raw='SYS-CDCU-二排右侧座椅加热-0096' -> cleaned='SYS-CDCU-erpaiyoucezuoyijiare-0096'（chinese_to_pinyin，已做处理）
2026-03-20 09:50:57,611 WARNING [warn] 用例ID含中文已转拼音：表=MQB_20260303.xlsx/座椅按摩+通风+加热+舒缓 行=616 原始id='SYS-CDCU-二排右侧座椅加热-0096' -> 清洗后='SYS-CDCU-erpaiyoucezuoyijiare-0096'
2026-03-20 09:50:57,613 WARNING [warn] 用例ID清洗：表=MQB_20260303.xlsx/座椅按摩+通风+加热+舒缓 行=620 raw='SYS-CDCU-二排右侧座椅加热-0097' -> cleaned='SYS-CDCU-erpaiyoucezuoyijiare-0097'（chinese_to_pinyin，已做处理）
2026-03-20 09:50:57,613 WARNING [warn] 用例ID含中文已转拼音：表=MQB_20260303.xlsx/座椅按摩+通风+加热+舒缓 行=620 原始id='SYS-CDCU-二排右侧座椅加热-0097' -> 清洗后='SYS-CDCU-erpaiyoucezuoyijiare-0097'
2026-03-20 09:50:57,615 WARNING [warn] 用例ID清洗：表=MQB_20260303.xlsx/座椅按摩+通风+加热+舒缓 行=624 raw='SYS-CDCU-二排右侧座椅加热-0098' -> cleaned='SYS-CDCU-erpaiyoucezuoyijiare-0098'（chinese_to_pinyin，已做处理）
2026-03-20 09:50:57,615 WARNING [warn] 用例ID含中文已转拼音：表=MQB_20260303.xlsx/座椅按摩+通风+加热+舒缓 行=624 原始id='SYS-CDCU-二排右侧座椅加热-0098' -> 清洗后='SYS-CDCU-erpaiyoucezuoyijiare-0098'
2026-03-20 09:50:57,617 WARNING [warn] 用例ID清洗：表=MQB_20260303.xlsx/座椅按摩+通风+加热+舒缓 行=627 raw='SYS-CDCU-二排右侧座椅加热-0099' -> cleaned='SYS-CDCU-erpaiyoucezuoyijiare-0099'（chinese_to_pinyin，已做处理）
2026-03-20 09:50:57,617 WARNING [warn] 用例ID含中文已转拼音：表=MQB_20260303.xlsx/座椅按摩+通风+加热+舒缓 行=627 原始id='SYS-CDCU-二排右侧座椅加热-0099' -> 清洗后='SYS-CDCU-erpaiyoucezuoyijiare-0099'
2026-03-20 09:50:57,619 WARNING [warn] 用例ID清洗：表=MQB_20260303.xlsx/座椅按摩+通风+加热+舒缓 行=639 raw='SYS-CDCU-二排右侧座椅加热-0100' -> cleaned='SYS-CDCU-erpaiyoucezuoyijiare-0100'（chinese_to_pinyin，已做处理）
2026-03-20 09:50:57,619 WARNING [warn] 用例ID含中文已转拼音：表=MQB_20260303.xlsx/座椅按摩+通风+加热+舒缓 行=639 原始id='SYS-CDCU-二排右侧座椅加热-0100' -> 清洗后='SYS-CDCU-erpaiyoucezuoyijiare-0100'
2026-03-20 09:50:57,621 WARNING [warn] 用例ID清洗：表=MQB_20260303.xlsx/座椅按摩+通风+加热+舒缓 行=651 raw='SYS-CDCU-二排右侧座椅加热-0101' -> cleaned='SYS-CDCU-erpaiyoucezuoyijiare-0101'（chinese_to_pinyin，已做处理）
2026-03-20 09:50:57,621 WARNING [warn] 用例ID含中文已转拼音：表=MQB_20260303.xlsx/座椅按摩+通风+加热+舒缓 行=651 原始id='SYS-CDCU-二排右侧座椅加热-0101' -> 清洗后='SYS-CDCU-erpaiyoucezuoyijiare-0101'
2026-03-20 09:50:57,623 WARNING [warn] 用例ID清洗：表=MQB_20260303.xlsx/座椅按摩+通风+加热+舒缓 行=662 raw='SYS-CDCU-二排右侧座椅加热-0102' -> cleaned='SYS-CDCU-erpaiyoucezuoyijiare-0102'（chinese_to_pinyin，已做处理）
2026-03-20 09:50:57,623 WARNING [warn] 用例ID含中文已转拼音：表=MQB_20260303.xlsx/座椅按摩+通风+加热+舒缓 行=662 原始id='SYS-CDCU-二排右侧座椅加热-0102' -> 清洗后='SYS-CDCU-erpaiyoucezuoyijiare-0102'
2026-03-20 09:50:57,624 WARNING [warn] 用例ID清洗：表=MQB_20260303.xlsx/座椅按摩+通风+加热+舒缓 行=666 raw='SYS-CDCU-二排右侧座椅加热-0103' -> cleaned='SYS-CDCU-erpaiyoucezuoyijiare-0103'（chinese_to_pinyin，已做处理）
2026-03-20 09:50:57,624 WARNING [warn] 用例ID含中文已转拼音：表=MQB_20260303.xlsx/座椅按摩+通风+加热+舒缓 行=666 原始id='SYS-CDCU-二排右侧座椅加热-0103' -> 清洗后='SYS-CDCU-erpaiyoucezuoyijiare-0103'
2026-03-20 09:50:57,626 WARNING [warn] 用例ID清洗：表=MQB_20260303.xlsx/座椅按摩+通风+加热+舒缓 行=670 raw='SYS-CDCU-二排右侧座椅加热-0104' -> cleaned='SYS-CDCU-erpaiyoucezuoyijiare-0104'（chinese_to_pinyin，已做处理）
2026-03-20 09:50:57,626 WARNING [warn] 用例ID含中文已转拼音：表=MQB_20260303.xlsx/座椅按摩+通风+加热+舒缓 行=670 原始id='SYS-CDCU-二排右侧座椅加热-0104' -> 清洗后='SYS-CDCU-erpaiyoucezuoyijiare-0104'
2026-03-20 09:50:57,627 WARNING [warn] 用例ID清洗：表=MQB_20260303.xlsx/座椅按摩+通风+加热+舒缓 行=673 raw='SYS-CDCU-关闭主驾座椅通风-0105' -> cleaned='SYS-CDCU-guanbizhujiazuoyitongfeng-0105'（chinese_to_pinyin，已做处理）
2026-03-20 09:50:57,627 WARNING [warn] 用例ID含中文已转拼音：表=MQB_20260303.xlsx/座椅按摩+通风+加热+舒缓 行=673 原始id='SYS-CDCU-关闭主驾座椅通风-0105' -> 清洗后='SYS-CDCU-guanbizhujiazuoyitongfeng-0105'
2026-03-20 09:50:57,628 WARNING [warn] 用例ID清洗：表=MQB_20260303.xlsx/座椅按摩+通风+加热+舒缓 行=679 raw='SYS-CDCU-关闭主驾座椅通风-0106' -> cleaned='SYS-CDCU-guanbizhujiazuoyitongfeng-0106'（chinese_to_pinyin，已做处理）
2026-03-20 09:50:57,629 WARNING [warn] 用例ID含中文已转拼音：表=MQB_20260303.xlsx/座椅按摩+通风+加热+舒缓 行=679 原始id='SYS-CDCU-关闭主驾座椅通风-0106' -> 清洗后='SYS-CDCU-guanbizhujiazuoyitongfeng-0106'
2026-03-20 09:50:57,633 WARNING [warn] 用例ID清洗：表=MQB_20260303.xlsx/座椅按摩+通风+加热+舒缓 行=694 raw='SYS-CDCU-关闭主驾座椅通风-0107' -> cleaned='SYS-CDCU-guanbizhujiazuoyitongfeng-0107'（chinese_to_pinyin，已做处理）
2026-03-20 09:50:57,633 WARNING [warn] 用例ID含中文已转拼音：表=MQB_20260303.xlsx/座椅按摩+通风+加热+舒缓 行=694 原始id='SYS-CDCU-关闭主驾座椅通风-0107' -> 清洗后='SYS-CDCU-guanbizhujiazuoyitongfeng-0107'
2026-03-20 09:50:57,636 WARNING [warn] 用例ID清洗：表=MQB_20260303.xlsx/座椅按摩+通风+加热+舒缓 行=707 raw='SYS-CDCU-关闭主驾座椅通风-0108' -> cleaned='SYS-CDCU-guanbizhujiazuoyitongfeng-0108'（chinese_to_pinyin，已做处理）
2026-03-20 09:50:57,636 WARNING [warn] 用例ID含中文已转拼音：表=MQB_20260303.xlsx/座椅按摩+通风+加热+舒缓 行=707 原始id='SYS-CDCU-关闭主驾座椅通风-0108' -> 清洗后='SYS-CDCU-guanbizhujiazuoyitongfeng-0108'
2026-03-20 09:50:57,638 WARNING [warn] 用例ID清洗：表=MQB_20260303.xlsx/座椅按摩+通风+加热+舒缓 行=718 raw='SYS-CDCU-关闭主驾座椅通风-0109' -> cleaned='SYS-CDCU-guanbizhujiazuoyitongfeng-0109'（chinese_to_pinyin，已做处理）
2026-03-20 09:50:57,638 WARNING [warn] 用例ID含中文已转拼音：表=MQB_20260303.xlsx/座椅按摩+通风+加热+舒缓 行=718 原始id='SYS-CDCU-关闭主驾座椅通风-0109' -> 清洗后='SYS-CDCU-guanbizhujiazuoyitongfeng-0109'
2026-03-20 09:50:57,639 WARNING [warn] 用例ID清洗：表=MQB_20260303.xlsx/座椅按摩+通风+加热+舒缓 行=725 raw='SYS-CDCU-关闭主驾座椅通风-0110' -> cleaned='SYS-CDCU-guanbizhujiazuoyitongfeng-0110'（chinese_to_pinyin，已做处理）
2026-03-20 09:50:57,640 WARNING [warn] 用例ID含中文已转拼音：表=MQB_20260303.xlsx/座椅按摩+通风+加热+舒缓 行=725 原始id='SYS-CDCU-关闭主驾座椅通风-0110' -> 清洗后='SYS-CDCU-guanbizhujiazuoyitongfeng-0110'
2026-03-20 09:50:57,641 WARNING [warn] 用例ID清洗：表=MQB_20260303.xlsx/座椅按摩+通风+加热+舒缓 行=732 raw='SYS-CDCU-关闭主驾座椅通风-0111' -> cleaned='SYS-CDCU-guanbizhujiazuoyitongfeng-0111'（chinese_to_pinyin，已做处理）
2026-03-20 09:50:57,642 WARNING [warn] 用例ID含中文已转拼音：表=MQB_20260303.xlsx/座椅按摩+通风+加热+舒缓 行=732 原始id='SYS-CDCU-关闭主驾座椅通风-0111' -> 清洗后='SYS-CDCU-guanbizhujiazuoyitongfeng-0111'
2026-03-20 09:50:57,643 WARNING [warn] 用例ID清洗：表=MQB_20260303.xlsx/座椅按摩+通风+加热+舒缓 行=739 raw='SYS-CDCU-关闭主驾座椅通风-0112' -> cleaned='SYS-CDCU-guanbizhujiazuoyitongfeng-0112'（chinese_to_pinyin，已做处理）
2026-03-20 09:50:57,643 WARNING [warn] 用例ID含中文已转拼音：表=MQB_20260303.xlsx/座椅按摩+通风+加热+舒缓 行=739 原始id='SYS-CDCU-关闭主驾座椅通风-0112' -> 清洗后='SYS-CDCU-guanbizhujiazuoyitongfeng-0112'
2026-03-20 09:50:57,644 WARNING [warn] 用例ID清洗：表=MQB_20260303.xlsx/座椅按摩+通风+加热+舒缓 行=743 raw='SYS-CDCU-关闭主驾座椅通风-0113' -> cleaned='SYS-CDCU-guanbizhujiazuoyitongfeng-0113'（chinese_to_pinyin，已做处理）
2026-03-20 09:50:57,644 WARNING [warn] 用例ID含中文已转拼音：表=MQB_20260303.xlsx/座椅按摩+通风+加热+舒缓 行=743 原始id='SYS-CDCU-关闭主驾座椅通风-0113' -> 清洗后='SYS-CDCU-guanbizhujiazuoyitongfeng-0113'
2026-03-20 09:50:57,645 WARNING [warn] 用例ID清洗：表=MQB_20260303.xlsx/座椅按摩+通风+加热+舒缓 行=747 raw='SYS-CDCU-关闭主驾座椅通风-0114' -> cleaned='SYS-CDCU-guanbizhujiazuoyitongfeng-0114'（chinese_to_pinyin，已做处理）
2026-03-20 09:50:57,645 WARNING [warn] 用例ID含中文已转拼音：表=MQB_20260303.xlsx/座椅按摩+通风+加热+舒缓 行=747 原始id='SYS-CDCU-关闭主驾座椅通风-0114' -> 清洗后='SYS-CDCU-guanbizhujiazuoyitongfeng-0114'
2026-03-20 09:50:57,646 WARNING [warn] 用例ID清洗：表=MQB_20260303.xlsx/座椅按摩+通风+加热+舒缓 行=750 raw='SYS-CDCU-关闭主驾座椅通风-0115' -> cleaned='SYS-CDCU-guanbizhujiazuoyitongfeng-0115'（chinese_to_pinyin，已做处理）
2026-03-20 09:50:57,647 WARNING [warn] 用例ID含中文已转拼音：表=MQB_20260303.xlsx/座椅按摩+通风+加热+舒缓 行=750 原始id='SYS-CDCU-关闭主驾座椅通风-0115' -> 清洗后='SYS-CDCU-guanbizhujiazuoyitongfeng-0115'
2026-03-20 09:50:57,649 WARNING [warn] 用例ID清洗：表=MQB_20260303.xlsx/座椅按摩+通风+加热+舒缓 行=763 raw='SYS-CDCU-关闭主驾座椅通风-0116' -> cleaned='SYS-CDCU-guanbizhujiazuoyitongfeng-0116'（chinese_to_pinyin，已做处理）
2026-03-20 09:50:57,649 WARNING [warn] 用例ID含中文已转拼音：表=MQB_20260303.xlsx/座椅按摩+通风+加热+舒缓 行=763 原始id='SYS-CDCU-关闭主驾座椅通风-0116' -> 清洗后='SYS-CDCU-guanbizhujiazuoyitongfeng-0116'
2026-03-20 09:50:57,652 WARNING [warn] 用例ID清洗：表=MQB_20260303.xlsx/座椅按摩+通风+加热+舒缓 行=775 raw='SYS-CDCU-关闭主驾座椅通风-0117' -> cleaned='SYS-CDCU-guanbizhujiazuoyitongfeng-0117'（chinese_to_pinyin，已做处理）
2026-03-20 09:50:57,652 WARNING [warn] 用例ID含中文已转拼音：表=MQB_20260303.xlsx/座椅按摩+通风+加热+舒缓 行=775 原始id='SYS-CDCU-关闭主驾座椅通风-0117' -> 清洗后='SYS-CDCU-guanbizhujiazuoyitongfeng-0117'
2026-03-20 09:50:57,653 WARNING [warn] 用例ID清洗：表=MQB_20260303.xlsx/座椅按摩+通风+加热+舒缓 行=786 raw='SYS-CDCU-关闭主驾座椅通风-0118' -> cleaned='SYS-CDCU-guanbizhujiazuoyitongfeng-0118'（chinese_to_pinyin，已做处理）
2026-03-20 09:50:57,654 WARNING [warn] 用例ID含中文已转拼音：表=MQB_20260303.xlsx/座椅按摩+通风+加热+舒缓 行=786 原始id='SYS-CDCU-关闭主驾座椅通风-0118' -> 清洗后='SYS-CDCU-guanbizhujiazuoyitongfeng-0118'
2026-03-20 09:50:57,655 WARNING [warn] 用例ID清洗：表=MQB_20260303.xlsx/座椅按摩+通风+加热+舒缓 行=789 raw='SYS-CDCU-关闭主驾座椅通风-0119' -> cleaned='SYS-CDCU-guanbizhujiazuoyitongfeng-0119'（chinese_to_pinyin，已做处理）
2026-03-20 09:50:57,655 WARNING [warn] 用例ID含中文已转拼音：表=MQB_20260303.xlsx/座椅按摩+通风+加热+舒缓 行=789 原始id='SYS-CDCU-关闭主驾座椅通风-0119' -> 清洗后='SYS-CDCU-guanbizhujiazuoyitongfeng-0119'
2026-03-20 09:50:57,656 WARNING [warn] 用例ID清洗：表=MQB_20260303.xlsx/座椅按摩+通风+加热+舒缓 行=793 raw='SYS-CDCU-关闭主驾座椅通风-0120' -> cleaned='SYS-CDCU-guanbizhujiazuoyitongfeng-0120'（chinese_to_pinyin，已做处理）
2026-03-20 09:50:57,657 WARNING [warn] 用例ID含中文已转拼音：表=MQB_20260303.xlsx/座椅按摩+通风+加热+舒缓 行=793 原始id='SYS-CDCU-关闭主驾座椅通风-0120' -> 清洗后='SYS-CDCU-guanbizhujiazuoyitongfeng-0120'
2026-03-20 09:50:57,658 WARNING [warn] 用例ID清洗：表=MQB_20260303.xlsx/座椅按摩+通风+加热+舒缓 行=796 raw='SYS-CDCU-关闭副驾座椅通风-0121' -> cleaned='SYS-CDCU-guanbifujiazuoyitongfeng-0121'（chinese_to_pinyin，已做处理）
2026-03-20 09:50:57,658 WARNING [warn] 用例ID含中文已转拼音：表=MQB_20260303.xlsx/座椅按摩+通风+加热+舒缓 行=796 原始id='SYS-CDCU-关闭副驾座椅通风-0121' -> 清洗后='SYS-CDCU-guanbifujiazuoyitongfeng-0121'
2026-03-20 09:50:57,660 WARNING [warn] 用例ID清洗：表=MQB_20260303.xlsx/座椅按摩+通风+加热+舒缓 行=812 raw='SYS-CDCU-关闭副驾座椅通风-0122' -> cleaned='SYS-CDCU-guanbifujiazuoyitongfeng-0122'（chinese_to_pinyin，已做处理）
2026-03-20 09:50:57,660 WARNING [warn] 用例ID含中文已转拼音：表=MQB_20260303.xlsx/座椅按摩+通风+加热+舒缓 行=812 原始id='SYS-CDCU-关闭副驾座椅通风-0122' -> 清洗后='SYS-CDCU-guanbifujiazuoyitongfeng-0122'
2026-03-20 09:50:57,662 WARNING [warn] 用例ID清洗：表=MQB_20260303.xlsx/座椅按摩+通风+加热+舒缓 行=824 raw='SYS-CDCU-关闭副驾座椅通风-0123' -> cleaned='SYS-CDCU-guanbifujiazuoyitongfeng-0123'（chinese_to_pinyin，已做处理）
2026-03-20 09:50:57,662 WARNING [warn] 用例ID含中文已转拼音：表=MQB_20260303.xlsx/座椅按摩+通风+加热+舒缓 行=824 原始id='SYS-CDCU-关闭副驾座椅通风-0123' -> 清洗后='SYS-CDCU-guanbifujiazuoyitongfeng-0123'
2026-03-20 09:50:57,665 WARNING [warn] 用例ID清洗：表=MQB_20260303.xlsx/座椅按摩+通风+加热+舒缓 行=836 raw='SYS-CDCU-关闭副驾座椅通风-0124' -> cleaned='SYS-CDCU-guanbifujiazuoyitongfeng-0124'（chinese_to_pinyin，已做处理）
2026-03-20 09:50:57,665 WARNING [warn] 用例ID含中文已转拼音：表=MQB_20260303.xlsx/座椅按摩+通风+加热+舒缓 行=836 原始id='SYS-CDCU-关闭副驾座椅通风-0124' -> 清洗后='SYS-CDCU-guanbifujiazuoyitongfeng-0124'
2026-03-20 09:50:57,667 WARNING [warn] 用例ID清洗：表=MQB_20260303.xlsx/座椅按摩+通风+加热+舒缓 行=844 raw='SYS-CDCU-关闭副驾座椅通风-0125' -> cleaned='SYS-CDCU-guanbifujiazuoyitongfeng-0125'（chinese_to_pinyin，已做处理）
2026-03-20 09:50:57,667 WARNING [warn] 用例ID含中文已转拼音：表=MQB_20260303.xlsx/座椅按摩+通风+加热+舒缓 行=844 原始id='SYS-CDCU-关闭副驾座椅通风-0125' -> 清洗后='SYS-CDCU-guanbifujiazuoyitongfeng-0125'
2026-03-20 09:50:57,669 WARNING [warn] 用例ID清洗：表=MQB_20260303.xlsx/座椅按摩+通风+加热+舒缓 行=852 raw='SYS-CDCU-关闭副驾座椅通风-0126' -> cleaned='SYS-CDCU-guanbifujiazuoyitongfeng-0126'（chinese_to_pinyin，已做处理）
2026-03-20 09:50:57,669 WARNING [warn] 用例ID含中文已转拼音：表=MQB_20260303.xlsx/座椅按摩+通风+加热+舒缓 行=852 原始id='SYS-CDCU-关闭副驾座椅通风-0126' -> 清洗后='SYS-CDCU-guanbifujiazuoyitongfeng-0126'
2026-03-20 09:50:57,670 WARNING [warn] 用例ID清洗：表=MQB_20260303.xlsx/座椅按摩+通风+加热+舒缓 行=857 raw='SYS-CDCU-关闭副驾座椅通风-0127' -> cleaned='SYS-CDCU-guanbifujiazuoyitongfeng-0127'（chinese_to_pinyin，已做处理）
2026-03-20 09:50:57,670 WARNING [warn] 用例ID含中文已转拼音：表=MQB_20260303.xlsx/座椅按摩+通风+加热+舒缓 行=857 原始id='SYS-CDCU-关闭副驾座椅通风-0127' -> 清洗后='SYS-CDCU-guanbifujiazuoyitongfeng-0127'
2026-03-20 09:50:57,671 WARNING [warn] 用例ID清洗：表=MQB_20260303.xlsx/座椅按摩+通风+加热+舒缓 行=862 raw='SYS-CDCU-关闭副驾座椅通风-0128' -> cleaned='SYS-CDCU-guanbifujiazuoyitongfeng-0128'（chinese_to_pinyin，已做处理）
2026-03-20 09:50:57,671 WARNING [warn] 用例ID含中文已转拼音：表=MQB_20260303.xlsx/座椅按摩+通风+加热+舒缓 行=862 原始id='SYS-CDCU-关闭副驾座椅通风-0128' -> 清洗后='SYS-CDCU-guanbifujiazuoyitongfeng-0128'
2026-03-20 09:50:57,673 WARNING [warn] 用例ID清洗：表=MQB_20260303.xlsx/座椅按摩+通风+加热+舒缓 行=866 raw='SYS-CDCU-关闭副驾座椅通风-0129' -> cleaned='SYS-CDCU-guanbifujiazuoyitongfeng-0129'（chinese_to_pinyin，已做处理）
2026-03-20 09:50:57,673 WARNING [warn] 用例ID含中文已转拼音：表=MQB_20260303.xlsx/座椅按摩+通风+加热+舒缓 行=866 原始id='SYS-CDCU-关闭副驾座椅通风-0129' -> 清洗后='SYS-CDCU-guanbifujiazuoyitongfeng-0129'
2026-03-20 09:50:57,675 WARNING [warn] 用例ID清洗：表=MQB_20260303.xlsx/座椅按摩+通风+加热+舒缓 行=877 raw='SYS-CDCU-关闭副驾座椅通风-0130' -> cleaned='SYS-CDCU-guanbifujiazuoyitongfeng-0130'（chinese_to_pinyin，已做处理）
2026-03-20 09:50:57,675 WARNING [warn] 用例ID含中文已转拼音：表=MQB_20260303.xlsx/座椅按摩+通风+加热+舒缓 行=877 原始id='SYS-CDCU-关闭副驾座椅通风-0130' -> 清洗后='SYS-CDCU-guanbifujiazuoyitongfeng-0130'
2026-03-20 09:50:57,677 WARNING [warn] 用例ID清洗：表=MQB_20260303.xlsx/座椅按摩+通风+加热+舒缓 行=887 raw='SYS-CDCU-关闭副驾座椅通风-0131' -> cleaned='SYS-CDCU-guanbifujiazuoyitongfeng-0131'（chinese_to_pinyin，已做处理）
2026-03-20 09:50:57,677 WARNING [warn] 用例ID含中文已转拼音：表=MQB_20260303.xlsx/座椅按摩+通风+加热+舒缓 行=887 原始id='SYS-CDCU-关闭副驾座椅通风-0131' -> 清洗后='SYS-CDCU-guanbifujiazuoyitongfeng-0131'
2026-03-20 09:50:57,679 WARNING [warn] 用例ID清洗：表=MQB_20260303.xlsx/座椅按摩+通风+加热+舒缓 行=897 raw='SYS-CDCU-关闭副驾座椅通风-0132' -> cleaned='SYS-CDCU-guanbifujiazuoyitongfeng-0132'（chinese_to_pinyin，已做处理）
2026-03-20 09:50:57,679 WARNING [warn] 用例ID含中文已转拼音：表=MQB_20260303.xlsx/座椅按摩+通风+加热+舒缓 行=897 原始id='SYS-CDCU-关闭副驾座椅通风-0132' -> 清洗后='SYS-CDCU-guanbifujiazuoyitongfeng-0132'
2026-03-20 09:50:57,680 WARNING [warn] 用例ID清洗：表=MQB_20260303.xlsx/座椅按摩+通风+加热+舒缓 行=902 raw='SYS-CDCU-关闭副驾座椅通风-0133' -> cleaned='SYS-CDCU-guanbifujiazuoyitongfeng-0133'（chinese_to_pinyin，已做处理）
2026-03-20 09:50:57,680 WARNING [warn] 用例ID含中文已转拼音：表=MQB_20260303.xlsx/座椅按摩+通风+加热+舒缓 行=902 原始id='SYS-CDCU-关闭副驾座椅通风-0133' -> 清洗后='SYS-CDCU-guanbifujiazuoyitongfeng-0133'
2026-03-20 09:50:57,682 WARNING [warn] 用例ID清洗：表=MQB_20260303.xlsx/座椅按摩+通风+加热+舒缓 行=907 raw='SYS-CDCU-关闭副驾座椅通风-0134' -> cleaned='SYS-CDCU-guanbifujiazuoyitongfeng-0134'（chinese_to_pinyin，已做处理）
2026-03-20 09:50:57,682 WARNING [warn] 用例ID含中文已转拼音：表=MQB_20260303.xlsx/座椅按摩+通风+加热+舒缓 行=907 原始id='SYS-CDCU-关闭副驾座椅通风-0134' -> 清洗后='SYS-CDCU-guanbifujiazuoyitongfeng-0134'
2026-03-20 09:50:57,683 WARNING [warn] 用例ID清洗：表=MQB_20260303.xlsx/座椅按摩+通风+加热+舒缓 行=911 raw='SYS-CDCU-二排左侧座椅通风-0135' -> cleaned='SYS-CDCU-erpaizuocezuoyitongfeng-0135'（chinese_to_pinyin，已做处理）
2026-03-20 09:50:57,683 WARNING [warn] 用例ID含中文已转拼音：表=MQB_20260303.xlsx/座椅按摩+通风+加热+舒缓 行=911 原始id='SYS-CDCU-二排左侧座椅通风-0135' -> 清洗后='SYS-CDCU-erpaizuocezuoyitongfeng-0135'
2026-03-20 09:50:57,685 WARNING [warn] 用例ID清洗：表=MQB_20260303.xlsx/座椅按摩+通风+加热+舒缓 行=917 raw='SYS-CDCU-二排左侧座椅通风-0136' -> cleaned='SYS-CDCU-erpaizuocezuoyitongfeng-0136'（chinese_to_pinyin，已做处理）
2026-03-20 09:50:57,685 WARNING [warn] 用例ID含中文已转拼音：表=MQB_20260303.xlsx/座椅按摩+通风+加热+舒缓 行=917 原始id='SYS-CDCU-二排左侧座椅通风-0136' -> 清洗后='SYS-CDCU-erpaizuocezuoyitongfeng-0136'
2026-03-20 09:50:57,686 WARNING [warn] 用例ID清洗：表=MQB_20260303.xlsx/座椅按摩+通风+加热+舒缓 行=928 raw='SYS-CDCU-二排左侧座椅通风-0137' -> cleaned='SYS-CDCU-erpaizuocezuoyitongfeng-0137'（chinese_to_pinyin，已做处理）
2026-03-20 09:50:57,687 WARNING [warn] 用例ID含中文已转拼音：表=MQB_20260303.xlsx/座椅按摩+通风+加热+舒缓 行=928 原始id='SYS-CDCU-二排左侧座椅通风-0137' -> 清洗后='SYS-CDCU-erpaizuocezuoyitongfeng-0137'
2026-03-20 09:50:57,689 WARNING [warn] 用例ID清洗：表=MQB_20260303.xlsx/座椅按摩+通风+加热+舒缓 行=939 raw='SYS-CDCU-二排左侧座椅通风-0138' -> cleaned='SYS-CDCU-erpaizuocezuoyitongfeng-0138'（chinese_to_pinyin，已做处理）
2026-03-20 09:50:57,689 WARNING [warn] 用例ID含中文已转拼音：表=MQB_20260303.xlsx/座椅按摩+通风+加热+舒缓 行=939 原始id='SYS-CDCU-二排左侧座椅通风-0138' -> 清洗后='SYS-CDCU-erpaizuocezuoyitongfeng-0138'
2026-03-20 09:50:57,690 WARNING [warn] 用例ID清洗：表=MQB_20260303.xlsx/座椅按摩+通风+加热+舒缓 行=950 raw='SYS-CDCU-二排左侧座椅通风-0139' -> cleaned='SYS-CDCU-erpaizuocezuoyitongfeng-0139'（chinese_to_pinyin，已做处理）
2026-03-20 09:50:57,691 WARNING [warn] 用例ID含中文已转拼音：表=MQB_20260303.xlsx/座椅按摩+通风+加热+舒缓 行=950 原始id='SYS-CDCU-二排左侧座椅通风-0139' -> 清洗后='SYS-CDCU-erpaizuocezuoyitongfeng-0139'
2026-03-20 09:50:57,692 WARNING [warn] 用例ID清洗：表=MQB_20260303.xlsx/座椅按摩+通风+加热+舒缓 行=957 raw='SYS-CDCU-二排左侧座椅通风-0140' -> cleaned='SYS-CDCU-erpaizuocezuoyitongfeng-0140'（chinese_to_pinyin，已做处理）
2026-03-20 09:50:57,692 WARNING [warn] 用例ID含中文已转拼音：表=MQB_20260303.xlsx/座椅按摩+通风+加热+舒缓 行=957 原始id='SYS-CDCU-二排左侧座椅通风-0140' -> 清洗后='SYS-CDCU-erpaizuocezuoyitongfeng-0140'
2026-03-20 09:50:57,694 WARNING [warn] 用例ID清洗：表=MQB_20260303.xlsx/座椅按摩+通风+加热+舒缓 行=964 raw='SYS-CDCU-二排左侧座椅通风-0141' -> cleaned='SYS-CDCU-erpaizuocezuoyitongfeng-0141'（chinese_to_pinyin，已做处理）
2026-03-20 09:50:57,694 WARNING [warn] 用例ID含中文已转拼音：表=MQB_20260303.xlsx/座椅按摩+通风+加热+舒缓 行=964 原始id='SYS-CDCU-二排左侧座椅通风-0141' -> 清洗后='SYS-CDCU-erpaizuocezuoyitongfeng-0141'
2026-03-20 09:50:57,695 WARNING [warn] 用例ID清洗：表=MQB_20260303.xlsx/座椅按摩+通风+加热+舒缓 行=968 raw='SYS-CDCU-二排左侧座椅通风-0142' -> cleaned='SYS-CDCU-erpaizuocezuoyitongfeng-0142'（chinese_to_pinyin，已做处理）
2026-03-20 09:50:57,696 WARNING [warn] 用例ID含中文已转拼音：表=MQB_20260303.xlsx/座椅按摩+通风+加热+舒缓 行=968 原始id='SYS-CDCU-二排左侧座椅通风-0142' -> 清洗后='SYS-CDCU-erpaizuocezuoyitongfeng-0142'
2026-03-20 09:50:57,696 WARNING [warn] 用例ID清洗：表=MQB_20260303.xlsx/座椅按摩+通风+加热+舒缓 行=972 raw='SYS-CDCU-二排左侧座椅通风-0143' -> cleaned='SYS-CDCU-erpaizuocezuoyitongfeng-0143'（chinese_to_pinyin，已做处理）
2026-03-20 09:50:57,696 WARNING [warn] 用例ID含中文已转拼音：表=MQB_20260303.xlsx/座椅按摩+通风+加热+舒缓 行=972 原始id='SYS-CDCU-二排左侧座椅通风-0143' -> 清洗后='SYS-CDCU-erpaizuocezuoyitongfeng-0143'
2026-03-20 09:50:57,697 WARNING [warn] 用例ID清洗：表=MQB_20260303.xlsx/座椅按摩+通风+加热+舒缓 行=975 raw='SYS-CDCU-二排右侧座椅通风-0144' -> cleaned='SYS-CDCU-erpaiyoucezuoyitongfeng-0144'（chinese_to_pinyin，已做处理）
2026-03-20 09:50:57,698 WARNING [warn] 用例ID含中文已转拼音：表=MQB_20260303.xlsx/座椅按摩+通风+加热+舒缓 行=975 原始id='SYS-CDCU-二排右侧座椅通风-0144' -> 清洗后='SYS-CDCU-erpaiyoucezuoyitongfeng-0144'
2026-03-20 09:50:57,699 WARNING [warn] 用例ID清洗：表=MQB_20260303.xlsx/座椅按摩+通风+加热+舒缓 行=981 raw='SYS-CDCU-二排右侧座椅通风-0145' -> cleaned='SYS-CDCU-erpaiyoucezuoyitongfeng-0145'（chinese_to_pinyin，已做处理）
2026-03-20 09:50:57,699 WARNING [warn] 用例ID含中文已转拼音：表=MQB_20260303.xlsx/座椅按摩+通风+加热+舒缓 行=981 原始id='SYS-CDCU-二排右侧座椅通风-0145' -> 清洗后='SYS-CDCU-erpaiyoucezuoyitongfeng-0145'
2026-03-20 09:50:57,701 WARNING [warn] 用例ID清洗：表=MQB_20260303.xlsx/座椅按摩+通风+加热+舒缓 行=993 raw='SYS-CDCU-二排右侧座椅通风-0146' -> cleaned='SYS-CDCU-erpaiyoucezuoyitongfeng-0146'（chinese_to_pinyin，已做处理）
2026-03-20 09:50:57,701 WARNING [warn] 用例ID含中文已转拼音：表=MQB_20260303.xlsx/座椅按摩+通风+加热+舒缓 行=993 原始id='SYS-CDCU-二排右侧座椅通风-0146' -> 清洗后='SYS-CDCU-erpaiyoucezuoyitongfeng-0146'
2026-03-20 09:50:57,702 WARNING [warn] 用例ID清洗：表=MQB_20260303.xlsx/座椅按摩+通风+加热+舒缓 行=1005 raw='SYS-CDCU-二排右侧座椅通风-0147' -> cleaned='SYS-CDCU-erpaiyoucezuoyitongfeng-0147'（chinese_to_pinyin，已做处理）
2026-03-20 09:50:57,703 WARNING [warn] 用例ID含中文已转拼音：表=MQB_20260303.xlsx/座椅按摩+通风+加热+舒缓 行=1005 原始id='SYS-CDCU-二排右侧座椅通风-0147' -> 清洗后='SYS-CDCU-erpaiyoucezuoyitongfeng-0147'
2026-03-20 09:50:57,704 WARNING [warn] 用例ID清洗：表=MQB_20260303.xlsx/座椅按摩+通风+加热+舒缓 行=1017 raw='SYS-CDCU-二排右侧座椅通风-0148' -> cleaned='SYS-CDCU-erpaiyoucezuoyitongfeng-0148'（chinese_to_pinyin，已做处理）
2026-03-20 09:50:57,705 WARNING [warn] 用例ID含中文已转拼音：表=MQB_20260303.xlsx/座椅按摩+通风+加热+舒缓 行=1017 原始id='SYS-CDCU-二排右侧座椅通风-0148' -> 清洗后='SYS-CDCU-erpaiyoucezuoyitongfeng-0148'
2026-03-20 09:50:57,706 WARNING [warn] 用例ID清洗：表=MQB_20260303.xlsx/座椅按摩+通风+加热+舒缓 行=1024 raw='SYS-CDCU-二排右侧座椅通风-0149' -> cleaned='SYS-CDCU-erpaiyoucezuoyitongfeng-0149'（chinese_to_pinyin，已做处理）
2026-03-20 09:50:57,706 WARNING [warn] 用例ID含中文已转拼音：表=MQB_20260303.xlsx/座椅按摩+通风+加热+舒缓 行=1024 原始id='SYS-CDCU-二排右侧座椅通风-0149' -> 清洗后='SYS-CDCU-erpaiyoucezuoyitongfeng-0149'
2026-03-20 09:50:57,707 WARNING [warn] 用例ID清洗：表=MQB_20260303.xlsx/座椅按摩+通风+加热+舒缓 行=1031 raw='SYS-CDCU-二排右侧座椅通风-0150' -> cleaned='SYS-CDCU-erpaiyoucezuoyitongfeng-0150'（chinese_to_pinyin，已做处理）
2026-03-20 09:50:57,708 WARNING [warn] 用例ID含中文已转拼音：表=MQB_20260303.xlsx/座椅按摩+通风+加热+舒缓 行=1031 原始id='SYS-CDCU-二排右侧座椅通风-0150' -> 清洗后='SYS-CDCU-erpaiyoucezuoyitongfeng-0150'
2026-03-20 09:50:57,709 WARNING [warn] 用例ID清洗：表=MQB_20260303.xlsx/座椅按摩+通风+加热+舒缓 行=1036 raw='SYS-CDCU-二排右侧座椅通风-0151' -> cleaned='SYS-CDCU-erpaiyoucezuoyitongfeng-0151'（chinese_to_pinyin，已做处理）
2026-03-20 09:50:57,709 WARNING [warn] 用例ID含中文已转拼音：表=MQB_20260303.xlsx/座椅按摩+通风+加热+舒缓 行=1036 原始id='SYS-CDCU-二排右侧座椅通风-0151' -> 清洗后='SYS-CDCU-erpaiyoucezuoyitongfeng-0151'
2026-03-20 09:50:57,710 WARNING [warn] 用例ID清洗：表=MQB_20260303.xlsx/座椅按摩+通风+加热+舒缓 行=1041 raw='SYS-CDCU-二排右侧座椅通风-0152' -> cleaned='SYS-CDCU-erpaiyoucezuoyitongfeng-0152'（chinese_to_pinyin，已做处理）
2026-03-20 09:50:57,710 WARNING [warn] 用例ID含中文已转拼音：表=MQB_20260303.xlsx/座椅按摩+通风+加热+舒缓 行=1041 原始id='SYS-CDCU-二排右侧座椅通风-0152' -> 清洗后='SYS-CDCU-erpaiyoucezuoyitongfeng-0152'
2026-03-20 09:50:57,711 WARNING [warn] 用例ID清洗：表=MQB_20260303.xlsx/座椅按摩+通风+加热+舒缓 行=1046 raw='SYS-CDCU-二排右侧座椅通风-0153' -> cleaned='SYS-CDCU-erpaiyoucezuoyitongfeng-0153'（chinese_to_pinyin，已做处理）
2026-03-20 09:50:57,711 WARNING [warn] 用例ID含中文已转拼音：表=MQB_20260303.xlsx/座椅按摩+通风+加热+舒缓 行=1046 原始id='SYS-CDCU-二排右侧座椅通风-0153' -> 清洗后='SYS-CDCU-erpaiyoucezuoyitongfeng-0153'
2026-03-20 09:50:57,714 WARNING [warn] 用例ID清洗：表=MQB_20260303.xlsx/座椅按摩+通风+加热+舒缓 行=1057 raw='SYS-CDCU-二排右侧座椅通风-0154' -> cleaned='SYS-CDCU-erpaiyoucezuoyitongfeng-0154'（chinese_to_pinyin，已做处理）
2026-03-20 09:50:57,714 WARNING [warn] 用例ID含中文已转拼音：表=MQB_20260303.xlsx/座椅按摩+通风+加热+舒缓 行=1057 原始id='SYS-CDCU-二排右侧座椅通风-0154' -> 清洗后='SYS-CDCU-erpaiyoucezuoyitongfeng-0154'
2026-03-20 09:50:57,718 WARNING [warn] 用例ID清洗：表=MQB_20260303.xlsx/座椅按摩+通风+加热+舒缓 行=1068 raw='SYS-CDCU-二排右侧座椅通风-0155' -> cleaned='SYS-CDCU-erpaiyoucezuoyitongfeng-0155'（chinese_to_pinyin，已做处理）
2026-03-20 09:50:57,718 WARNING [warn] 用例ID含中文已转拼音：表=MQB_20260303.xlsx/座椅按摩+通风+加热+舒缓 行=1068 原始id='SYS-CDCU-二排右侧座椅通风-0155' -> 清洗后='SYS-CDCU-erpaiyoucezuoyitongfeng-0155'
2026-03-20 09:50:57,720 WARNING [warn] 用例ID清洗：表=MQB_20260303.xlsx/座椅按摩+通风+加热+舒缓 行=1078 raw='SYS-CDCU-二排右侧座椅通风-0156' -> cleaned='SYS-CDCU-erpaiyoucezuoyitongfeng-0156'（chinese_to_pinyin，已做处理）
2026-03-20 09:50:57,720 WARNING [warn] 用例ID含中文已转拼音：表=MQB_20260303.xlsx/座椅按摩+通风+加热+舒缓 行=1078 原始id='SYS-CDCU-二排右侧座椅通风-0156' -> 清洗后='SYS-CDCU-erpaiyoucezuoyitongfeng-0156'
2026-03-20 09:50:57,721 WARNING [warn] 用例ID清洗：表=MQB_20260303.xlsx/座椅按摩+通风+加热+舒缓 行=1083 raw='SYS-CDCU-二排右侧座椅通风-0157' -> cleaned='SYS-CDCU-erpaiyoucezuoyitongfeng-0157'（chinese_to_pinyin，已做处理）
2026-03-20 09:50:57,721 WARNING [warn] 用例ID含中文已转拼音：表=MQB_20260303.xlsx/座椅按摩+通风+加热+舒缓 行=1083 原始id='SYS-CDCU-二排右侧座椅通风-0157' -> 清洗后='SYS-CDCU-erpaiyoucezuoyitongfeng-0157'
2026-03-20 09:50:57,722 WARNING [warn] 用例ID清洗：表=MQB_20260303.xlsx/座椅按摩+通风+加热+舒缓 行=1088 raw='SYS-CDCU-二排右侧座椅通风-0158' -> cleaned='SYS-CDCU-erpaiyoucezuoyitongfeng-0158'（chinese_to_pinyin，已做处理）
2026-03-20 09:50:57,722 WARNING [warn] 用例ID含中文已转拼音：表=MQB_20260303.xlsx/座椅按摩+通风+加热+舒缓 行=1088 原始id='SYS-CDCU-二排右侧座椅通风-0158' -> 清洗后='SYS-CDCU-erpaiyoucezuoyitongfeng-0158'
2026-03-20 09:50:57,723 WARNING [warn] 用例ID清洗：表=MQB_20260303.xlsx/座椅按摩+通风+加热+舒缓 行=1093 raw='SYS-CDCU-异常场景-0001' -> cleaned='SYS-CDCU-yichangchangjing-0001'（chinese_to_pinyin，已做处理）
2026-03-20 09:50:57,723 WARNING [warn] 用例ID含中文已转拼音：表=MQB_20260303.xlsx/座椅按摩+通风+加热+舒缓 行=1093 原始id='SYS-CDCU-异常场景-0001' -> 清洗后='SYS-CDCU-yichangchangjing-0001'
2026-03-20 09:50:57,724 WARNING [warn] 用例ID清洗：表=MQB_20260303.xlsx/座椅按摩+通风+加热+舒缓 行=1095 raw='SYS-CDCU-异常场景-0002' -> cleaned='SYS-CDCU-yichangchangjing-0002'（chinese_to_pinyin，已做处理）
2026-03-20 09:50:57,724 WARNING [warn] 用例ID含中文已转拼音：表=MQB_20260303.xlsx/座椅按摩+通风+加热+舒缓 行=1095 原始id='SYS-CDCU-异常场景-0002' -> 清洗后='SYS-CDCU-yichangchangjing-0002'
2026-03-20 09:50:57,725 WARNING [warn] 用例ID清洗：表=MQB_20260303.xlsx/座椅按摩+通风+加热+舒缓 行=1097 raw='SYS-CDCU-异常场景-0003' -> cleaned='SYS-CDCU-yichangchangjing-0003'（chinese_to_pinyin，已做处理）
2026-03-20 09:50:57,725 WARNING [warn] 用例ID含中文已转拼音：表=MQB_20260303.xlsx/座椅按摩+通风+加热+舒缓 行=1097 原始id='SYS-CDCU-异常场景-0003' -> 清洗后='SYS-CDCU-yichangchangjing-0003'
2026-03-20 09:50:57,726 WARNING [warn] 用例ID清洗：表=MQB_20260303.xlsx/座椅按摩+通风+加热+舒缓 行=1099 raw='SYS-CDCU-异常场景-0004' -> cleaned='SYS-CDCU-yichangchangjing-0004'（chinese_to_pinyin，已做处理）
2026-03-20 09:50:57,726 WARNING [warn] 用例ID含中文已转拼音：表=MQB_20260303.xlsx/座椅按摩+通风+加热+舒缓 行=1099 原始id='SYS-CDCU-异常场景-0004' -> 清洗后='SYS-CDCU-yichangchangjing-0004'
2026-03-20 09:50:57,727 WARNING [warn] 用例ID清洗：表=MQB_20260303.xlsx/座椅按摩+通风+加热+舒缓 行=1101 raw='SYS-CDCU-异常场景-0005' -> cleaned='SYS-CDCU-yichangchangjing-0005'（chinese_to_pinyin，已做处理）
2026-03-20 09:50:57,727 WARNING [warn] 用例ID含中文已转拼音：表=MQB_20260303.xlsx/座椅按摩+通风+加热+舒缓 行=1101 原始id='SYS-CDCU-异常场景-0005' -> 清洗后='SYS-CDCU-yichangchangjing-0005'
2026-03-20 09:50:57,728 WARNING [warn] 用例ID清洗：表=MQB_20260303.xlsx/座椅按摩+通风+加热+舒缓 行=1103 raw='SYS-CDCU-异常场景-0006' -> cleaned='SYS-CDCU-yichangchangjing-0006'（chinese_to_pinyin，已做处理）
2026-03-20 09:50:57,728 WARNING [warn] 用例ID含中文已转拼音：表=MQB_20260303.xlsx/座椅按摩+通风+加热+舒缓 行=1103 原始id='SYS-CDCU-异常场景-0006' -> 清洗后='SYS-CDCU-yichangchangjing-0006'
2026-03-20 09:50:57,728 WARNING [warn] 用例ID清洗：表=MQB_20260303.xlsx/座椅按摩+通风+加热+舒缓 行=1105 raw='SYS-CDCU-异常场景-0007' -> cleaned='SYS-CDCU-yichangchangjing-0007'（chinese_to_pinyin，已做处理）
2026-03-20 09:50:57,730 WARNING [warn] 用例ID含中文已转拼音：表=MQB_20260303.xlsx/座椅按摩+通风+加热+舒缓 行=1105 原始id='SYS-CDCU-异常场景-0007' -> 清洗后='SYS-CDCU-yichangchangjing-0007'
2026-03-20 09:50:57,731 WARNING [warn] 用例ID清洗：表=MQB_20260303.xlsx/座椅按摩+通风+加热+舒缓 行=1107 raw='SYS-CDCU-电源模式切换-0164' -> cleaned='SYS-CDCU-dianyuanmoshiqiehuan-0164'（chinese_to_pinyin，已做处理）
2026-03-20 09:50:57,731 WARNING [warn] 用例ID含中文已转拼音：表=MQB_20260303.xlsx/座椅按摩+通风+加热+舒缓 行=1107 原始id='SYS-CDCU-电源模式切换-0164' -> 清洗后='SYS-CDCU-dianyuanmoshiqiehuan-0164'
2026-03-20 09:50:57,732 WARNING [warn] 用例ID清洗：表=MQB_20260303.xlsx/座椅按摩+通风+加热+舒缓 行=1117 raw='SYS-CDCU-电源模式切换-0165' -> cleaned='SYS-CDCU-dianyuanmoshiqiehuan-0165'（chinese_to_pinyin，已做处理）
2026-03-20 09:50:57,732 WARNING [warn] 用例ID含中文已转拼音：表=MQB_20260303.xlsx/座椅按摩+通风+加热+舒缓 行=1117 原始id='SYS-CDCU-电源模式切换-0165' -> 清洗后='SYS-CDCU-dianyuanmoshiqiehuan-0165'
2026-03-20 09:50:57,734 WARNING [warn] 用例ID清洗：表=MQB_20260303.xlsx/座椅按摩+通风+加热+舒缓 行=1126 raw='SYS-CDCU-电源模式切换-0166' -> cleaned='SYS-CDCU-dianyuanmoshiqiehuan-0166'（chinese_to_pinyin，已做处理）
2026-03-20 09:50:57,734 WARNING [warn] 用例ID含中文已转拼音：表=MQB_20260303.xlsx/座椅按摩+通风+加热+舒缓 行=1126 原始id='SYS-CDCU-电源模式切换-0166' -> 清洗后='SYS-CDCU-dianyuanmoshiqiehuan-0166'
2026-03-20 09:50:57,735 WARNING [warn] 用例ID清洗：表=MQB_20260303.xlsx/座椅按摩+通风+加热+舒缓 行=1134 raw='SYS-CDCU-电源模式切换-0167' -> cleaned='SYS-CDCU-dianyuanmoshiqiehuan-0167'（chinese_to_pinyin，已做处理）
2026-03-20 09:50:57,736 WARNING [warn] 用例ID含中文已转拼音：表=MQB_20260303.xlsx/座椅按摩+通风+加热+舒缓 行=1134 原始id='SYS-CDCU-电源模式切换-0167' -> 清洗后='SYS-CDCU-dianyuanmoshiqiehuan-0167'
2026-03-20 09:50:57,737 WARNING [warn] 用例ID清洗：表=MQB_20260303.xlsx/座椅按摩+通风+加热+舒缓 行=1143 raw='SYS-CDCU-主驾座椅腰部舒缓-0168' -> cleaned='SYS-CDCU-zhujiazuoyiyaobushuhuan-0168'（chinese_to_pinyin，已做处理）
2026-03-20 09:50:57,737 WARNING [warn] 用例ID含中文已转拼音：表=MQB_20260303.xlsx/座椅按摩+通风+加热+舒缓 行=1143 原始id='SYS-CDCU-主驾座椅腰部舒缓-0168' -> 清洗后='SYS-CDCU-zhujiazuoyiyaobushuhuan-0168'
2026-03-20 09:50:57,738 WARNING [warn] 用例ID清洗：表=MQB_20260303.xlsx/座椅按摩+通风+加热+舒缓 行=1145 raw='SYS-CDCU-主驾座椅腰部舒缓-0169' -> cleaned='SYS-CDCU-zhujiazuoyiyaobushuhuan-0169'（chinese_to_pinyin，已做处理）
2026-03-20 09:50:57,738 WARNING [warn] 用例ID含中文已转拼音：表=MQB_20260303.xlsx/座椅按摩+通风+加热+舒缓 行=1145 原始id='SYS-CDCU-主驾座椅腰部舒缓-0169' -> 清洗后='SYS-CDCU-zhujiazuoyiyaobushuhuan-0169'
2026-03-20 09:50:57,740 WARNING [warn] 用例ID清洗：表=MQB_20260303.xlsx/座椅按摩+通风+加热+舒缓 行=1152 raw='SYS-CDCU-主驾座椅腰部舒缓-0170' -> cleaned='SYS-CDCU-zhujiazuoyiyaobushuhuan-0170'（chinese_to_pinyin，已做处理）
2026-03-20 09:50:57,740 WARNING [warn] 用例ID含中文已转拼音：表=MQB_20260303.xlsx/座椅按摩+通风+加热+舒缓 行=1152 原始id='SYS-CDCU-主驾座椅腰部舒缓-0170' -> 清洗后='SYS-CDCU-zhujiazuoyiyaobushuhuan-0170'
2026-03-20 09:50:57,741 WARNING [warn] 用例ID清洗：表=MQB_20260303.xlsx/座椅按摩+通风+加热+舒缓 行=1156 raw='SYS-CDCU-主驾座椅腰部舒缓-0171' -> cleaned='SYS-CDCU-zhujiazuoyiyaobushuhuan-0171'（chinese_to_pinyin，已做处理）
2026-03-20 09:50:57,741 WARNING [warn] 用例ID含中文已转拼音：表=MQB_20260303.xlsx/座椅按摩+通风+加热+舒缓 行=1156 原始id='SYS-CDCU-主驾座椅腰部舒缓-0171' -> 清洗后='SYS-CDCU-zhujiazuoyiyaobushuhuan-0171'
2026-03-20 09:50:57,742 WARNING [warn] 用例ID清洗：表=MQB_20260303.xlsx/座椅按摩+通风+加热+舒缓 行=1160 raw='SYS-CDCU-主驾座椅腰部舒缓-0172' -> cleaned='SYS-CDCU-zhujiazuoyiyaobushuhuan-0172'（chinese_to_pinyin，已做处理）
2026-03-20 09:50:57,742 WARNING [warn] 用例ID含中文已转拼音：表=MQB_20260303.xlsx/座椅按摩+通风+加热+舒缓 行=1160 原始id='SYS-CDCU-主驾座椅腰部舒缓-0172' -> 清洗后='SYS-CDCU-zhujiazuoyiyaobushuhuan-0172'
2026-03-20 09:50:57,743 WARNING [warn] 用例ID清洗：表=MQB_20260303.xlsx/座椅按摩+通风+加热+舒缓 行=1164 raw='SYS-CDCU-副驾座椅腰部舒缓-0173' -> cleaned='SYS-CDCU-fujiazuoyiyaobushuhuan-0173'（chinese_to_pinyin，已做处理）
2026-03-20 09:50:57,743 WARNING [warn] 用例ID含中文已转拼音：表=MQB_20260303.xlsx/座椅按摩+通风+加热+舒缓 行=1164 原始id='SYS-CDCU-副驾座椅腰部舒缓-0173' -> 清洗后='SYS-CDCU-fujiazuoyiyaobushuhuan-0173'
2026-03-20 09:50:57,744 WARNING [warn] 用例ID清洗：表=MQB_20260303.xlsx/座椅按摩+通风+加热+舒缓 行=1168 raw='SYS-CDCU-副驾座椅腰部舒缓-0174' -> cleaned='SYS-CDCU-fujiazuoyiyaobushuhuan-0174'（chinese_to_pinyin，已做处理）
2026-03-20 09:50:57,744 WARNING [warn] 用例ID含中文已转拼音：表=MQB_20260303.xlsx/座椅按摩+通风+加热+舒缓 行=1168 原始id='SYS-CDCU-副驾座椅腰部舒缓-0174' -> 清洗后='SYS-CDCU-fujiazuoyiyaobushuhuan-0174'
2026-03-20 09:50:57,745 WARNING [warn] 用例ID清洗：表=MQB_20260303.xlsx/座椅按摩+通风+加热+舒缓 行=1172 raw='SYS-CDCU-副驾座椅腰部舒缓-0175' -> cleaned='SYS-CDCU-fujiazuoyiyaobushuhuan-0175'（chinese_to_pinyin，已做处理）
2026-03-20 09:50:57,745 WARNING [warn] 用例ID含中文已转拼音：表=MQB_20260303.xlsx/座椅按摩+通风+加热+舒缓 行=1172 原始id='SYS-CDCU-副驾座椅腰部舒缓-0175' -> 清洗后='SYS-CDCU-fujiazuoyiyaobushuhuan-0175'
2026-03-20 09:50:57,747 WARNING [warn] 用例ID清洗：表=MQB_20260303.xlsx/座椅按摩+通风+加热+舒缓 行=1176 raw='SYS-CDCU-副驾座椅腰部舒缓-0176' -> cleaned='SYS-CDCU-fujiazuoyiyaobushuhuan-0176'（chinese_to_pinyin，已做处理）
2026-03-20 09:50:57,747 WARNING [warn] 用例ID含中文已转拼音：表=MQB_20260303.xlsx/座椅按摩+通风+加热+舒缓 行=1176 原始id='SYS-CDCU-副驾座椅腰部舒缓-0176' -> 清洗后='SYS-CDCU-fujiazuoyiyaobushuhuan-0176'
2026-03-20 09:50:57,748 WARNING [warn] 用例ID清洗：表=MQB_20260303.xlsx/座椅按摩+通风+加热+舒缓 行=1181 raw='SYS-CDCU-主驾座椅腰部舒缓-0177' -> cleaned='SYS-CDCU-zhujiazuoyiyaobushuhuan-0177'（chinese_to_pinyin，已做处理）
2026-03-20 09:50:57,749 WARNING [warn] 用例ID含中文已转拼音：表=MQB_20260303.xlsx/座椅按摩+通风+加热+舒缓 行=1181 原始id='SYS-CDCU-主驾座椅腰部舒缓-0177' -> 清洗后='SYS-CDCU-zhujiazuoyiyaobushuhuan-0177'
2026-03-20 09:50:57,750 WARNING [warn] 用例ID清洗：表=MQB_20260303.xlsx/座椅按摩+通风+加热+舒缓 行=1185 raw='SYS-CDCU-主驾座椅腰部舒缓-0178' -> cleaned='SYS-CDCU-zhujiazuoyiyaobushuhuan-0178'（chinese_to_pinyin，已做处理）
2026-03-20 09:50:57,750 WARNING [warn] 用例ID含中文已转拼音：表=MQB_20260303.xlsx/座椅按摩+通风+加热+舒缓 行=1185 原始id='SYS-CDCU-主驾座椅腰部舒缓-0178' -> 清洗后='SYS-CDCU-zhujiazuoyiyaobushuhuan-0178'
2026-03-20 09:50:57,752 WARNING [warn] 用例ID清洗：表=MQB_20260303.xlsx/座椅按摩+通风+加热+舒缓 行=1192 raw='SYS-CDCU-主驾座椅腰部舒缓-0179' -> cleaned='SYS-CDCU-zhujiazuoyiyaobushuhuan-0179'（chinese_to_pinyin，已做处理）
2026-03-20 09:50:57,752 WARNING [warn] 用例ID含中文已转拼音：表=MQB_20260303.xlsx/座椅按摩+通风+加热+舒缓 行=1192 原始id='SYS-CDCU-主驾座椅腰部舒缓-0179' -> 清洗后='SYS-CDCU-zhujiazuoyiyaobushuhuan-0179'
2026-03-20 09:50:57,753 WARNING [warn] 用例ID清洗：表=MQB_20260303.xlsx/座椅按摩+通风+加热+舒缓 行=1196 raw='SYS-CDCU-主驾座椅腰部舒缓-0180' -> cleaned='SYS-CDCU-zhujiazuoyiyaobushuhuan-0180'（chinese_to_pinyin，已做处理）
2026-03-20 09:50:57,753 WARNING [warn] 用例ID含中文已转拼音：表=MQB_20260303.xlsx/座椅按摩+通风+加热+舒缓 行=1196 原始id='SYS-CDCU-主驾座椅腰部舒缓-0180' -> 清洗后='SYS-CDCU-zhujiazuoyiyaobushuhuan-0180'
2026-03-20 09:50:57,754 WARNING [warn] 用例ID清洗：表=MQB_20260303.xlsx/座椅按摩+通风+加热+舒缓 行=1200 raw='SYS-CDCU-主驾座椅腰部舒缓-0181' -> cleaned='SYS-CDCU-zhujiazuoyiyaobushuhuan-0181'（chinese_to_pinyin，已做处理）
2026-03-20 09:50:57,754 WARNING [warn] 用例ID含中文已转拼音：表=MQB_20260303.xlsx/座椅按摩+通风+加热+舒缓 行=1200 原始id='SYS-CDCU-主驾座椅腰部舒缓-0181' -> 清洗后='SYS-CDCU-zhujiazuoyiyaobushuhuan-0181'
2026-03-20 09:50:57,755 WARNING [warn] 用例ID清洗：表=MQB_20260303.xlsx/座椅按摩+通风+加热+舒缓 行=1204 raw='SYS-CDCU-副驾座椅腰部舒缓-0182' -> cleaned='SYS-CDCU-fujiazuoyiyaobushuhuan-0182'（chinese_to_pinyin，已做处理）
2026-03-20 09:50:57,756 WARNING [warn] 用例ID含中文已转拼音：表=MQB_20260303.xlsx/座椅按摩+通风+加热+舒缓 行=1204 原始id='SYS-CDCU-副驾座椅腰部舒缓-0182' -> 清洗后='SYS-CDCU-fujiazuoyiyaobushuhuan-0182'
2026-03-20 09:50:57,757 WARNING [warn] 用例ID清洗：表=MQB_20260303.xlsx/座椅按摩+通风+加热+舒缓 行=1208 raw='SYS-CDCU-副驾座椅腰部舒缓-0183' -> cleaned='SYS-CDCU-fujiazuoyiyaobushuhuan-0183'（chinese_to_pinyin，已做处理）
2026-03-20 09:50:57,757 WARNING [warn] 用例ID含中文已转拼音：表=MQB_20260303.xlsx/座椅按摩+通风+加热+舒缓 行=1208 原始id='SYS-CDCU-副驾座椅腰部舒缓-0183' -> 清洗后='SYS-CDCU-fujiazuoyiyaobushuhuan-0183'
2026-03-20 09:50:57,758 WARNING [warn] 用例ID清洗：表=MQB_20260303.xlsx/座椅按摩+通风+加热+舒缓 行=1212 raw='SYS-CDCU-副驾座椅腰部舒缓-0184' -> cleaned='SYS-CDCU-fujiazuoyiyaobushuhuan-0184'（chinese_to_pinyin，已做处理）
2026-03-20 09:50:57,758 WARNING [warn] 用例ID含中文已转拼音：表=MQB_20260303.xlsx/座椅按摩+通风+加热+舒缓 行=1212 原始id='SYS-CDCU-副驾座椅腰部舒缓-0184' -> 清洗后='SYS-CDCU-fujiazuoyiyaobushuhuan-0184'
2026-03-20 09:50:57,759 WARNING [warn] 用例ID清洗：表=MQB_20260303.xlsx/座椅按摩+通风+加热+舒缓 行=1216 raw='SYS-CDCU-副驾座椅腰部舒缓-0185' -> cleaned='SYS-CDCU-fujiazuoyiyaobushuhuan-0185'（chinese_to_pinyin，已做处理）
2026-03-20 09:50:57,759 WARNING [warn] 用例ID含中文已转拼音：表=MQB_20260303.xlsx/座椅按摩+通风+加热+舒缓 行=1216 原始id='SYS-CDCU-副驾座椅腰部舒缓-0185' -> 清洗后='SYS-CDCU-fujiazuoyiyaobushuhuan-0185'
2026-03-20 09:50:57,760 WARNING [warn] 用例ID清洗：表=MQB_20260303.xlsx/座椅按摩+通风+加热+舒缓 行=1220 raw='SYS-CDCU-主驾座椅腰部舒缓-0186' -> cleaned='SYS-CDCU-zhujiazuoyiyaobushuhuan-0186'（chinese_to_pinyin，已做处理）
2026-03-20 09:50:57,761 WARNING [warn] 用例ID含中文已转拼音：表=MQB_20260303.xlsx/座椅按摩+通风+加热+舒缓 行=1220 原始id='SYS-CDCU-主驾座椅腰部舒缓-0186' -> 清洗后='SYS-CDCU-zhujiazuoyiyaobushuhuan-0186'
2026-03-20 09:50:57,761 WARNING [warn] 用例ID清洗：表=MQB_20260303.xlsx/座椅按摩+通风+加热+舒缓 行=1227 raw='SYS-CDCU-主驾座椅腰部舒缓-0187' -> cleaned='SYS-CDCU-zhujiazuoyiyaobushuhuan-0187'（chinese_to_pinyin，已做处理）
2026-03-20 09:50:57,763 WARNING [warn] 用例ID含中文已转拼音：表=MQB_20260303.xlsx/座椅按摩+通风+加热+舒缓 行=1227 原始id='SYS-CDCU-主驾座椅腰部舒缓-0187' -> 清洗后='SYS-CDCU-zhujiazuoyiyaobushuhuan-0187'
2026-03-20 09:50:57,765 WARNING [warn] 用例ID清洗：表=MQB_20260303.xlsx/座椅按摩+通风+加热+舒缓 行=1234 raw='SYS-CDCU-主驾座椅腰部舒缓-0188' -> cleaned='SYS-CDCU-zhujiazuoyiyaobushuhuan-0188'（chinese_to_pinyin，已做处理）
2026-03-20 09:50:57,765 WARNING [warn] 用例ID含中文已转拼音：表=MQB_20260303.xlsx/座椅按摩+通风+加热+舒缓 行=1234 原始id='SYS-CDCU-主驾座椅腰部舒缓-0188' -> 清洗后='SYS-CDCU-zhujiazuoyiyaobushuhuan-0188'
2026-03-20 09:50:57,766 WARNING [warn] 用例ID清洗：表=MQB_20260303.xlsx/座椅按摩+通风+加热+舒缓 行=1241 raw='SYS-CDCU-主驾座椅腰部舒缓-0189' -> cleaned='SYS-CDCU-zhujiazuoyiyaobushuhuan-0189'（chinese_to_pinyin，已做处理）
2026-03-20 09:50:57,767 WARNING [warn] 用例ID含中文已转拼音：表=MQB_20260303.xlsx/座椅按摩+通风+加热+舒缓 行=1241 原始id='SYS-CDCU-主驾座椅腰部舒缓-0189' -> 清洗后='SYS-CDCU-zhujiazuoyiyaobushuhuan-0189'
2026-03-20 09:50:57,768 WARNING [warn] 用例ID清洗：表=MQB_20260303.xlsx/座椅按摩+通风+加热+舒缓 行=1248 raw='SYS-CDCU-主驾座椅腰部舒缓-0190' -> cleaned='SYS-CDCU-zhujiazuoyiyaobushuhuan-0190'（chinese_to_pinyin，已做处理）
2026-03-20 09:50:57,768 WARNING [warn] 用例ID含中文已转拼音：表=MQB_20260303.xlsx/座椅按摩+通风+加热+舒缓 行=1248 原始id='SYS-CDCU-主驾座椅腰部舒缓-0190' -> 清洗后='SYS-CDCU-zhujiazuoyiyaobushuhuan-0190'
2026-03-20 09:50:57,770 WARNING [warn] 用例ID清洗：表=MQB_20260303.xlsx/座椅按摩+通风+加热+舒缓 行=1255 raw='SYS-CDCU-主驾座椅腰部舒缓-0191' -> cleaned='SYS-CDCU-zhujiazuoyiyaobushuhuan-0191'（chinese_to_pinyin，已做处理）
2026-03-20 09:50:57,770 WARNING [warn] 用例ID含中文已转拼音：表=MQB_20260303.xlsx/座椅按摩+通风+加热+舒缓 行=1255 原始id='SYS-CDCU-主驾座椅腰部舒缓-0191' -> 清洗后='SYS-CDCU-zhujiazuoyiyaobushuhuan-0191'
2026-03-20 09:50:57,771 WARNING [warn] 用例ID清洗：表=MQB_20260303.xlsx/座椅按摩+通风+加热+舒缓 行=1262 raw='SYS-CDCU-主驾座椅腰部舒缓-0192' -> cleaned='SYS-CDCU-zhujiazuoyiyaobushuhuan-0192'（chinese_to_pinyin，已做处理）
2026-03-20 09:50:57,771 WARNING [warn] 用例ID含中文已转拼音：表=MQB_20260303.xlsx/座椅按摩+通风+加热+舒缓 行=1262 原始id='SYS-CDCU-主驾座椅腰部舒缓-0192' -> 清洗后='SYS-CDCU-zhujiazuoyiyaobushuhuan-0192'
2026-03-20 09:50:57,772 WARNING [warn] 用例ID清洗：表=MQB_20260303.xlsx/座椅按摩+通风+加热+舒缓 行=1269 raw='SYS-CDCU-主驾座椅腰部舒缓-0193' -> cleaned='SYS-CDCU-zhujiazuoyiyaobushuhuan-0193'（chinese_to_pinyin，已做处理）
2026-03-20 09:50:57,773 WARNING [warn] 用例ID含中文已转拼音：表=MQB_20260303.xlsx/座椅按摩+通风+加热+舒缓 行=1269 原始id='SYS-CDCU-主驾座椅腰部舒缓-0193' -> 清洗后='SYS-CDCU-zhujiazuoyiyaobushuhuan-0193'
2026-03-20 09:50:57,774 WARNING [warn] 用例ID清洗：表=MQB_20260303.xlsx/座椅按摩+通风+加热+舒缓 行=1276 raw='SYS-CDCU-主驾座椅腰部舒缓-0194' -> cleaned='SYS-CDCU-zhujiazuoyiyaobushuhuan-0194'（chinese_to_pinyin，已做处理）
2026-03-20 09:50:57,774 WARNING [warn] 用例ID含中文已转拼音：表=MQB_20260303.xlsx/座椅按摩+通风+加热+舒缓 行=1276 原始id='SYS-CDCU-主驾座椅腰部舒缓-0194' -> 清洗后='SYS-CDCU-zhujiazuoyiyaobushuhuan-0194'
2026-03-20 09:50:57,775 WARNING [warn] 用例ID清洗：表=MQB_20260303.xlsx/座椅按摩+通风+加热+舒缓 行=1283 raw='SYS-CDCU-主驾座椅腰部舒缓-0195' -> cleaned='SYS-CDCU-zhujiazuoyiyaobushuhuan-0195'（chinese_to_pinyin，已做处理）
2026-03-20 09:50:57,775 WARNING [warn] 用例ID含中文已转拼音：表=MQB_20260303.xlsx/座椅按摩+通风+加热+舒缓 行=1283 原始id='SYS-CDCU-主驾座椅腰部舒缓-0195' -> 清洗后='SYS-CDCU-zhujiazuoyiyaobushuhuan-0195'
2026-03-20 09:50:57,777 WARNING [warn] 用例ID清洗：表=MQB_20260303.xlsx/座椅按摩+通风+加热+舒缓 行=1290 raw='SYS-CDCU-副驾座椅腰部舒缓-0196' -> cleaned='SYS-CDCU-fujiazuoyiyaobushuhuan-0196'（chinese_to_pinyin，已做处理）
2026-03-20 09:50:57,777 WARNING [warn] 用例ID含中文已转拼音：表=MQB_20260303.xlsx/座椅按摩+通风+加热+舒缓 行=1290 原始id='SYS-CDCU-副驾座椅腰部舒缓-0196' -> 清洗后='SYS-CDCU-fujiazuoyiyaobushuhuan-0196'
2026-03-20 09:50:57,778 WARNING [warn] 用例ID清洗：表=MQB_20260303.xlsx/座椅按摩+通风+加热+舒缓 行=1297 raw='SYS-CDCU-副驾座椅腰部舒缓-0197' -> cleaned='SYS-CDCU-fujiazuoyiyaobushuhuan-0197'（chinese_to_pinyin，已做处理）
2026-03-20 09:50:57,778 WARNING [warn] 用例ID含中文已转拼音：表=MQB_20260303.xlsx/座椅按摩+通风+加热+舒缓 行=1297 原始id='SYS-CDCU-副驾座椅腰部舒缓-0197' -> 清洗后='SYS-CDCU-fujiazuoyiyaobushuhuan-0197'
2026-03-20 09:50:57,780 WARNING [warn] 用例ID清洗：表=MQB_20260303.xlsx/座椅按摩+通风+加热+舒缓 行=1304 raw='SYS-CDCU-副驾座椅腰部舒缓-0198' -> cleaned='SYS-CDCU-fujiazuoyiyaobushuhuan-0198'（chinese_to_pinyin，已做处理）
2026-03-20 09:50:57,780 WARNING [warn] 用例ID含中文已转拼音：表=MQB_20260303.xlsx/座椅按摩+通风+加热+舒缓 行=1304 原始id='SYS-CDCU-副驾座椅腰部舒缓-0198' -> 清洗后='SYS-CDCU-fujiazuoyiyaobushuhuan-0198'
2026-03-20 09:50:57,782 WARNING [warn] 用例ID清洗：表=MQB_20260303.xlsx/座椅按摩+通风+加热+舒缓 行=1311 raw='SYS-CDCU-主驾座椅通风加热记忆-0199' -> cleaned='SYS-CDCU-zhujiazuoyitongfengjiarejiyi-0199'（chinese_to_pinyin，已做处理）
2026-03-20 09:50:57,782 WARNING [warn] 用例ID含中文已转拼音：表=MQB_20260303.xlsx/座椅按摩+通风+加热+舒缓 行=1311 原始id='SYS-CDCU-主驾座椅通风加热记忆-0199' -> 清洗后='SYS-CDCU-zhujiazuoyitongfengjiarejiyi-0199'
2026-03-20 09:50:57,784 WARNING [warn] 用例ID清洗：表=MQB_20260303.xlsx/座椅按摩+通风+加热+舒缓 行=1323 raw='SYS-CDCU-主驾座椅通风加热记忆-0200' -> cleaned='SYS-CDCU-zhujiazuoyitongfengjiarejiyi-0200'（chinese_to_pinyin，已做处理）
2026-03-20 09:50:57,785 WARNING [warn] 用例ID含中文已转拼音：表=MQB_20260303.xlsx/座椅按摩+通风+加热+舒缓 行=1323 原始id='SYS-CDCU-主驾座椅通风加热记忆-0200' -> 清洗后='SYS-CDCU-zhujiazuoyitongfengjiarejiyi-0200'
2026-03-20 09:50:57,785 WARNING [warn] 用例ID清洗：表=MQB_20260303.xlsx/座椅按摩+通风+加热+舒缓 行=1333 raw='SYS-CDCU-主驾座椅通风加热记忆-0201' -> cleaned='SYS-CDCU-zhujiazuoyitongfengjiarejiyi-0201'（chinese_to_pinyin，已做处理）
2026-03-20 09:50:57,785 WARNING [warn] 用例ID含中文已转拼音：表=MQB_20260303.xlsx/座椅按摩+通风+加热+舒缓 行=1333 原始id='SYS-CDCU-主驾座椅通风加热记忆-0201' -> 清洗后='SYS-CDCU-zhujiazuoyitongfengjiarejiyi-0201'
2026-03-20 09:50:57,788 WARNING [warn] 用例ID清洗：表=MQB_20260303.xlsx/座椅按摩+通风+加热+舒缓 行=1343 raw='SYS-CDCU-主驾座椅通风加热记忆-0202' -> cleaned='SYS-CDCU-zhujiazuoyitongfengjiarejiyi-0202'（chinese_to_pinyin，已做处理）
2026-03-20 09:50:57,788 WARNING [warn] 用例ID含中文已转拼音：表=MQB_20260303.xlsx/座椅按摩+通风+加热+舒缓 行=1343 原始id='SYS-CDCU-主驾座椅通风加热记忆-0202' -> 清洗后='SYS-CDCU-zhujiazuoyitongfengjiarejiyi-0202'
