2026-03-20 09:20:55,930 INFO   处理Sheet=RDCU_DTC
2026-03-20 09:20:55,932 ERROR 错误模块【io_mapping】 用例ID=TC-DTC-RDCU-001 行号：2  用例步骤：Step SetShToGND J_HBridge_FRDoorLockCtr+_DTC 1  原因：io_mapping 解析失败: Name 未找到: J_HBridge_FRDoorLockCtr+_DTC
2026-03-20 09:20:55,932 ERROR 错误模块【io_mapping】 用例ID=TC-DTC-RDCU-001 行号：5  用例步骤：Step Set J_DI_FROutHandleSW_LS NotPulled  原因：io_mapping 解析失败: Name 未找到: J_DI_FROutHandleSW_LS
2026-03-20 09:20:55,937 ERROR 错误模块【io_mapping】 用例ID=TC-DTC-RDCU-001 行号：7  用例步骤：Step Set J_DI_FROutHandleSW_LS Pulled  原因：io_mapping 解析失败: Name 未找到: J_DI_FROutHandleSW_LS
2026-03-20 09:20:55,937 ERROR 错误模块【io_mapping】 用例ID=TC-DTC-RDCU-001 行号：9  用例步骤：Step SetShToGND J_HBridge_FRDoorLockCtr+_DTC 0  原因：io_mapping 解析失败: Name 未找到: J_HBridge_FRDoorLockCtr+_DTC
2026-03-20 09:20:55,938 ERROR 错误模块【io_mapping】 用例ID=TC-DTC-RDCU-002 行号：11  用例步骤：Step SetOverCur J_HBridge_FRDoorLockCtr+_DTC 1  原因：io_mapping 解析失败: Name 未找到: J_HBridge_FRDoorLockCtr+_DTC
2026-03-20 09:20:55,939 ERROR 错误模块【io_mapping】 用例ID=TC-DTC-RDCU-002 行号：14  用例步骤：Step Set J_DI_FROutHandleSW_LS NotPulled  原因：io_mapping 解析失败: Name 未找到: J_DI_FROutHandleSW_LS
2026-03-20 09:20:55,939 ERROR 错误模块【io_mapping】 用例ID=TC-DTC-RDCU-002 行号：16  用例步骤：Step Set J_DI_FROutHandleSW_LS Pulled  原因：io_mapping 解析失败: Name 未找到: J_DI_FROutHandleSW_LS
2026-03-20 09:20:55,940 ERROR 错误模块【io_mapping】 用例ID=TC-DTC-RDCU-002 行号：18  用例步骤：Step SetOverCur J_HBridge_FRDoorLockCtr+_DTC 0  原因：io_mapping 解析失败: Name 未找到: J_HBridge_FRDoorLockCtr+_DTC
2026-03-20 09:20:55,940 ERROR 错误模块【io_mapping】 用例ID=TC-DTC-RDCU-003 行号：20  用例步骤：Step SetOverCur J_HBridge_FRDoorLockCtr-_DTC 1  原因：io_mapping 解析失败: Name 未找到: J_HBridge_FRDoorLockCtr-_DTC
2026-03-20 09:20:55,941 ERROR 错误模块【io_mapping】 用例ID=TC-DTC-RDCU-003 行号：23  用例步骤：Step Set J_DI_FROutHandleSW_LS pulled  原因：io_mapping 解析失败: Name 未找到: J_DI_FROutHandleSW_LS
2026-03-20 09:20:55,941 ERROR 错误模块【io_mapping】 用例ID=TC-DTC-RDCU-003 行号：26  用例步骤：Step SetOverCur J_HBridge_FRDoorLockCtr-_DTC 0  原因：io_mapping 解析失败: Name 未找到: J_HBridge_FRDoorLockCtr-_DTC
2026-03-20 09:20:55,941 ERROR 错误模块【io_mapping】 用例ID=TC-DTC-RDCU-004 行号：28  用例步骤：Step SetOverCur J_HBridge_FRDoorLockCtr-_DTC 1  原因：io_mapping 解析失败: Name 未找到: J_HBridge_FRDoorLockCtr-_DTC
2026-03-20 09:20:55,942 ERROR 错误模块【io_mapping】 用例ID=TC-DTC-RDCU-004 行号：31  用例步骤：Step Set J_DI_FROutHandleSW_LS pulled  原因：io_mapping 解析失败: Name 未找到: J_DI_FROutHandleSW_LS
2026-03-20 09:20:55,943 ERROR 错误模块【io_mapping】 用例ID=TC-DTC-RDCU-004 行号：34  用例步骤：Step SetOverCur J_HBridge_FRDoorLockCtr-_DTC 0  原因：io_mapping 解析失败: Name 未找到: J_HBridge_FRDoorLockCtr-_DTC
2026-03-20 09:20:55,943 ERROR 错误模块【io_mapping】 用例ID=TC-DTC-RDCU-005 行号：36  用例步骤：Step SetShToGND J_HBridge_RRDoorLockCtr+_DTC 1  原因：io_mapping 解析失败: Name 未找到: J_HBridge_RRDoorLockCtr+_DTC
2026-03-20 09:20:55,944 ERROR 错误模块【io_mapping】 用例ID=TC-DTC-RDCU-005 行号：39  用例步骤：Step Set J_DI_RROutHandleSW_LS NotPulled  原因：io_mapping 解析失败: Name 未找到: J_DI_RROutHandleSW_LS
2026-03-20 09:20:55,945 ERROR 错误模块【io_mapping】 用例ID=TC-DTC-RDCU-005 行号：41  用例步骤：Step Set J_DI_RROutHandleSW_LS Pulled  原因：io_mapping 解析失败: Name 未找到: J_DI_RROutHandleSW_LS
2026-03-20 09:20:55,945 ERROR 错误模块【io_mapping】 用例ID=TC-DTC-RDCU-005 行号：43  用例步骤：Step SetShToGND J_HBridge_RRDoorLockCtr+_DTC 0  原因：io_mapping 解析失败: Name 未找到: J_HBridge_RRDoorLockCtr+_DTC
2026-03-20 09:20:55,947  生成文件: generated_from_cases_DTCyonglidemo_xiugai_RDCU_DTC.can (用例数=5)
