2026-03-26 10:35:42,454 INFO >>> 开始执行 [LR_REAR] 域生成任务...
2026-03-26 10:35:42,594  解析 Excel 文件: python工具转译校验_V1.0 - 副本.xlsx
2026-03-26 10:35:42,595  处理Excel=python工具转译校验_V1.0 - 副本.xlsx
2026-03-26 10:35:42,665 INFO   处理Sheet=TC
2026-03-26 10:35:42,666 ERROR 错误模块【io_mapping】 用例ID=SYS-LDCU-light-001 行号：3  用例步骤：Step SetOpen J_DO_LS_DeforstrRly abc  原因：io_mapping 解析失败: Values 未匹配: abc
2026-03-26 10:35:42,666 ERROR 错误模块【Configuration】 用例ID=SYS-LDCU-light-001 行号：4  用例步骤：Step Set_config abc 0x2  原因：Configuration 解析失败: Name 未找到: abc
2026-03-26 10:35:42,667 ERROR 错误模块【io_mapping】 用例ID=SYS-LDCU-light-001 行号：5  用例步骤：Step SetOpen J_Hbridge_RightLeverCtr+ abc  原因：io_mapping 解析失败: Values 为空: Name=J_Hbridge_RightLeverCtr+, Value=abc
2026-03-26 10:35:42,668 ERROR 错误模块【Configuration】 用例ID=SYS-LDCU-light-001 行号：7  用例步骤：Step Set_config CF09Reserve01 abc  原因：Configuration 解析失败: Values 为空: Name=CF09Reserve01, Value=abc
2026-03-26 10:35:42,668 ERROR 错误模块【写入错误】 用例ID=SYS-LDCU-light-001 行号：9  用例步骤：Step AutoIncreaseInVal Set J_DO_LS_DeforstrRly 2 100 3  原因：步骤语法错误: AutoIncreaseInVal 数值参数错误: ['Set', 'J_DO_LS_DeforstrRly', '2']
2026-03-26 10:35:42,669 ERROR 错误模块【clib】 用例ID=SYS-LDCU-light-001 行号：10  用例步骤：Step Clib abc  原因：clib表中没有abc
2026-03-26 10:35:42,669 ERROR 错误模块【io_mapping】 用例ID=SYS-LDCU-light-002 行号：12  用例步骤：Step SetOpen J_DO_LS_DeforstrRly abc  原因：io_mapping 解析失败: Values 未匹配: abc
2026-03-26 10:35:42,669 ERROR 错误模块【io_mapping】 用例ID=SYS-LDCU-light-002_1 行号：14  用例步骤：Step SetOpen J_DO_LS_DeforstrRly abc  原因：io_mapping 解析失败: Values 未匹配: abc
2026-03-26 10:35:42,670 ERROR 错误模块【io_mapping】 用例ID=nihao 行号：16  用例步骤：Step SetOpen J_DO_LS_DeforstrRly abc  原因：io_mapping 解析失败: Values 未匹配: abc
2026-03-26 10:35:42,670 ERROR 错误模块【io_mapping】 用例ID=SYS-LDCU-light-003 行号：18  用例步骤：Step SetOpen J_DO_LS_DeforstrRly abc  原因：io_mapping 解析失败: Values 未匹配: abc
2026-03-26 10:35:42,670 ERROR 错误模块【io_mapping】 用例ID=SYS-LDCU-light-004 行号：20  用例步骤：Step SetOpen J_DO_LS_DeforstrRly abc  原因：io_mapping 解析失败: Values 未匹配: abc
2026-03-26 10:35:42,670 ERROR 错误模块【io_mapping】 用例ID=SYS-LDCU-light-005 行号：22  用例步骤：Step SetOpen J_DO_LS_DeforstrRly abc  原因：io_mapping 解析失败: Values 未匹配: abc
2026-03-26 10:35:42,671 ERROR 错误模块【io_mapping】 用例ID=SYS-LDCU-light-006 行号：24  用例步骤：Step SetOpen J_DO_LS_DeforstrRly abc  原因：io_mapping 解析失败: Values 未匹配: abc
2026-03-26 10:35:42,672  生成文件: generated_from_cases_pythongongjuzhuanyijiaoyan_V1_0_-_fuben_TC.can (用例数=8)
2026-03-26 10:35:42,675  Master .can 文件已生成: C:\Users\高登兰\Desktop\python开发合肥\left-right\TESTmode\generated_from_cases.can
2026-03-26 10:35:42,675  所有文件生成完成！共生成 1 个小文件和 1 个Master文件
2026-03-26 10:35:42,676    Excel=python工具转译校验_V1.0 - 副本.xlsx → 生成 1 个 .can：generated_from_cases_pythongongjuzhuanyijiaoyan_V1_0_-_fuben_TC.can
2026-03-26 10:35:42,676 INFO >>> 任务完成！日志已保存至: C:\Users\高登兰\Desktop\所有完整代码2026_3_10_重构版\python\release_02_1\log\log_20260326_103541\生成文件日志\generate_can_from_excel.log
