2026-03-26 10:53:16,549 INFO >>> 开始执行 [LR_REAR] 域生成任务...
2026-03-26 10:53:16,858  解析 Excel 文件: python工具转译校验_V1.0 - 副本.xlsx
2026-03-26 10:53:16,858  处理Excel=python工具转译校验_V1.0 - 副本.xlsx
2026-03-26 10:53:17,090 INFO   处理Sheet=TC
2026-03-26 10:53:17,091 ERROR 错误模块【io_mapping】 用例ID=SYS-LDCU-light-001 行号：3  用例步骤：Step SetOpen J_DO_LS_DeforstrRly abc  原因：io_mapping 解析失败: Values 未匹配: abc
2026-03-26 10:53:17,093 ERROR 错误模块【Configuration】 用例ID=SYS-LDCU-light-001 行号：4  用例步骤：Step Set_config abc 0x2  原因：Configuration 解析失败: Name 未找到: abc
2026-03-26 10:53:17,094 ERROR 错误模块【io_mapping】 用例ID=SYS-LDCU-light-001 行号：5  用例步骤：Step SetOpen J_Hbridge_RightLeverCtr+ abc  原因：io_mapping 解析失败: Values 为空: Name=J_Hbridge_RightLeverCtr+, Value=abc
2026-03-26 10:53:17,095 ERROR 错误模块【Configuration】 用例ID=SYS-LDCU-light-001 行号：7  用例步骤：Step Set_config CF09Reserve01 abc  原因：Configuration 解析失败: Values 为空: Name=CF09Reserve01, Value=abc
2026-03-26 10:53:17,096 ERROR 错误模块【写入错误】 用例ID=SYS-LDCU-light-001 行号：9  用例步骤：Step AutoIncreaseInVal Set J_DO_LS_DeforstrRly 2 100 3  原因：步骤语法错误: AutoIncreaseInVal 数值参数错误: ['Set', 'J_DO_LS_DeforstrRly', '2']
2026-03-26 10:53:17,098 ERROR 错误模块【clib】 用例ID=SYS-LDCU-light-001 行号：10  用例步骤：Step Clib abc  原因：clib表中没有abc
2026-03-26 10:53:17,101 ERROR 错误模块【io_mapping】 用例ID=SYS-LDCU-light-002 行号：12  用例步骤：Step SetOpen J_DO_LS_DeforstrRly abc  原因：io_mapping 解析失败: Values 未匹配: abc
2026-03-26 10:53:17,103 ERROR 错误模块【io_mapping】 用例ID=SYS-LDCU-light-002_1 行号：14  用例步骤：Step SetOpen J_DO_LS_DeforstrRly abc  原因：io_mapping 解析失败: Values 未匹配: abc
2026-03-26 10:53:17,104 ERROR 错误模块【io_mapping】 用例ID=nihao 行号：16  用例步骤：Step SetOpen J_DO_LS_DeforstrRly abc  原因：io_mapping 解析失败: Values 未匹配: abc
2026-03-26 10:53:17,105 ERROR 错误模块【io_mapping】 用例ID=SYS-LDCU-light-003 行号：18  用例步骤：Step SetOpen J_DO_LS_DeforstrRly abc  原因：io_mapping 解析失败: Values 未匹配: abc
2026-03-26 10:53:17,105 ERROR 错误模块【io_mapping】 用例ID=SYS-LDCU-light-004 行号：20  用例步骤：Step SetOpen J_DO_LS_DeforstrRly abc  原因：io_mapping 解析失败: Values 未匹配: abc
2026-03-26 10:53:17,109 INFO [跳过] 用例ID=SYS-LDCU-light- 005, 功能模块=内部灯光, 用例类型='自动测试'（Target Version 过滤：生成{CEA2.x_A_Sample,CEA2.x_B1_Sample,CEA2.x_IPDT2.0,CEA2.x_IPDT3.0,CEA2.x_IPDT4.0,CE...} 当前'MQB'）
2026-03-26 10:53:17,109 INFO [跳过] 用例ID=SYS-LDCU-light-006，, 功能模块=内部灯光, 用例类型='自动测试'（等级过滤：生成{A,B,C,S} 当前'F'）
2026-03-26 10:53:17,117  生成文件: generated_from_cases_pythongongjuzhuanyijiaoyan_V1_0_-_fuben_TC.can (用例数=6)
2026-03-26 10:53:17,131  Master .can 文件已生成: C:\Users\高登兰\Desktop\python开发合肥\left-right\TESTmode\generated_from_cases.can
2026-03-26 10:53:17,132  所有文件生成完成！共生成 1 个小文件和 1 个Master文件
2026-03-26 10:53:17,133    Excel=python工具转译校验_V1.0 - 副本.xlsx → 生成 1 个 .can：generated_from_cases_pythongongjuzhuanyijiaoyan_V1_0_-_fuben_TC.can
2026-03-26 10:53:17,135 INFO >>> 任务完成！日志已保存至: C:\Users\高登兰\Desktop\所有完整代码2026_3_10_重构版\python\release_02_1\log\log_20260326_105314\生成文件日志\generate_can_from_excel.log
